[Sat, 17 May 2025 01:47:54 INFO] .lo * src vocab size = 12832
[Sat, 17 May 2025 01:47:54 INFO] .vi * tgt vocab size = 9206
[Sat, 17 May 2025 01:47:54 INFO] Building model...
[Sat, 17 May 2025 01:47:54 INFO] Transformer(
  (encoder): Encoder(
    (embed): Embedding(12832, 256)
    (pe): PositionalEncoder(
      (dropout): Dropout(p=0.1, inplace=False)
    )
    (layers): ModuleList(
      (0): EncoderLayer(
        (norm_1): Norm()
        (norm_2): Norm()
        (attn): MultiHeadAttention(
          (q_linear): Linear(in_features=256, out_features=256, bias=True)
          (k_linear): Linear(in_features=256, out_features=256, bias=True)
          (v_linear): Linear(in_features=256, out_features=256, bias=True)
          (dropout): Dropout(p=0.1, inplace=False)
          (out): Linear(in_features=256, out_features=256, bias=True)
        )
        (ff): FeedForward(
          (linear_1): Linear(in_features=256, out_features=2048, bias=True)
          (dropout): Dropout(p=0.1, inplace=False)
          (linear_2): Linear(in_features=2048, out_features=256, bias=True)
        )
        (dropout_1): Dropout(p=0.1, inplace=False)
        (dropout_2): Dropout(p=0.1, inplace=False)
      )
      (1): EncoderLayer(
        (norm_1): Norm()
        (norm_2): Norm()
        (attn): MultiHeadAttention(
          (q_linear): Linear(in_features=256, out_features=256, bias=True)
          (k_linear): Linear(in_features=256, out_features=256, bias=True)
          (v_linear): Linear(in_features=256, out_features=256, bias=True)
          (dropout): Dropout(p=0.1, inplace=False)
          (out): Linear(in_features=256, out_features=256, bias=True)
        )
        (ff): FeedForward(
          (linear_1): Linear(in_features=256, out_features=2048, bias=True)
          (dropout): Dropout(p=0.1, inplace=False)
          (linear_2): Linear(in_features=2048, out_features=256, bias=True)
        )
        (dropout_1): Dropout(p=0.1, inplace=False)
        (dropout_2): Dropout(p=0.1, inplace=False)
      )
      (2): EncoderLayer(
        (norm_1): Norm()
        (norm_2): Norm()
        (attn): MultiHeadAttention(
          (q_linear): Linear(in_features=256, out_features=256, bias=True)
          (k_linear): Linear(in_features=256, out_features=256, bias=True)
          (v_linear): Linear(in_features=256, out_features=256, bias=True)
          (dropout): Dropout(p=0.1, inplace=False)
          (out): Linear(in_features=256, out_features=256, bias=True)
        )
        (ff): FeedForward(
          (linear_1): Linear(in_features=256, out_features=2048, bias=True)
          (dropout): Dropout(p=0.1, inplace=False)
          (linear_2): Linear(in_features=2048, out_features=256, bias=True)
        )
        (dropout_1): Dropout(p=0.1, inplace=False)
        (dropout_2): Dropout(p=0.1, inplace=False)
      )
      (3): EncoderLayer(
        (norm_1): Norm()
        (norm_2): Norm()
        (attn): MultiHeadAttention(
          (q_linear): Linear(in_features=256, out_features=256, bias=True)
          (k_linear): Linear(in_features=256, out_features=256, bias=True)
          (v_linear): Linear(in_features=256, out_features=256, bias=True)
          (dropout): Dropout(p=0.1, inplace=False)
          (out): Linear(in_features=256, out_features=256, bias=True)
        )
        (ff): FeedForward(
          (linear_1): Linear(in_features=256, out_features=2048, bias=True)
          (dropout): Dropout(p=0.1, inplace=False)
          (linear_2): Linear(in_features=2048, out_features=256, bias=True)
        )
        (dropout_1): Dropout(p=0.1, inplace=False)
        (dropout_2): Dropout(p=0.1, inplace=False)
      )
    )
    (norm): Norm()
  )
  (decoder): Decoder(
    (embed): Embedding(9206, 256)
    (pe): PositionalEncoder(
      (dropout): Dropout(p=0.1, inplace=False)
    )
    (layers): ModuleList(
      (0): DecoderLayer(
        (norm_1): Norm()
        (norm_2): Norm()
        (norm_3): Norm()
        (dropout_1): Dropout(p=0.1, inplace=False)
        (dropout_2): Dropout(p=0.1, inplace=False)
        (dropout_3): Dropout(p=0.1, inplace=False)
        (attn_1): MultiHeadAttention(
          (q_linear): Linear(in_features=256, out_features=256, bias=True)
          (k_linear): Linear(in_features=256, out_features=256, bias=True)
          (v_linear): Linear(in_features=256, out_features=256, bias=True)
          (dropout): Dropout(p=0.1, inplace=False)
          (out): Linear(in_features=256, out_features=256, bias=True)
        )
        (attn_2): MultiHeadAttention(
          (q_linear): Linear(in_features=256, out_features=256, bias=True)
          (k_linear): Linear(in_features=256, out_features=256, bias=True)
          (v_linear): Linear(in_features=256, out_features=256, bias=True)
          (dropout): Dropout(p=0.1, inplace=False)
          (out): Linear(in_features=256, out_features=256, bias=True)
        )
        (ff): FeedForward(
          (linear_1): Linear(in_features=256, out_features=2048, bias=True)
          (dropout): Dropout(p=0.1, inplace=False)
          (linear_2): Linear(in_features=2048, out_features=256, bias=True)
        )
      )
      (1): DecoderLayer(
        (norm_1): Norm()
        (norm_2): Norm()
        (norm_3): Norm()
        (dropout_1): Dropout(p=0.1, inplace=False)
        (dropout_2): Dropout(p=0.1, inplace=False)
        (dropout_3): Dropout(p=0.1, inplace=False)
        (attn_1): MultiHeadAttention(
          (q_linear): Linear(in_features=256, out_features=256, bias=True)
          (k_linear): Linear(in_features=256, out_features=256, bias=True)
          (v_linear): Linear(in_features=256, out_features=256, bias=True)
          (dropout): Dropout(p=0.1, inplace=False)
          (out): Linear(in_features=256, out_features=256, bias=True)
        )
        (attn_2): MultiHeadAttention(
          (q_linear): Linear(in_features=256, out_features=256, bias=True)
          (k_linear): Linear(in_features=256, out_features=256, bias=True)
          (v_linear): Linear(in_features=256, out_features=256, bias=True)
          (dropout): Dropout(p=0.1, inplace=False)
          (out): Linear(in_features=256, out_features=256, bias=True)
        )
        (ff): FeedForward(
          (linear_1): Linear(in_features=256, out_features=2048, bias=True)
          (dropout): Dropout(p=0.1, inplace=False)
          (linear_2): Linear(in_features=2048, out_features=256, bias=True)
        )
      )
      (2): DecoderLayer(
        (norm_1): Norm()
        (norm_2): Norm()
        (norm_3): Norm()
        (dropout_1): Dropout(p=0.1, inplace=False)
        (dropout_2): Dropout(p=0.1, inplace=False)
        (dropout_3): Dropout(p=0.1, inplace=False)
        (attn_1): MultiHeadAttention(
          (q_linear): Linear(in_features=256, out_features=256, bias=True)
          (k_linear): Linear(in_features=256, out_features=256, bias=True)
          (v_linear): Linear(in_features=256, out_features=256, bias=True)
          (dropout): Dropout(p=0.1, inplace=False)
          (out): Linear(in_features=256, out_features=256, bias=True)
        )
        (attn_2): MultiHeadAttention(
          (q_linear): Linear(in_features=256, out_features=256, bias=True)
          (k_linear): Linear(in_features=256, out_features=256, bias=True)
          (v_linear): Linear(in_features=256, out_features=256, bias=True)
          (dropout): Dropout(p=0.1, inplace=False)
          (out): Linear(in_features=256, out_features=256, bias=True)
        )
        (ff): FeedForward(
          (linear_1): Linear(in_features=256, out_features=2048, bias=True)
          (dropout): Dropout(p=0.1, inplace=False)
          (linear_2): Linear(in_features=2048, out_features=256, bias=True)
        )
      )
      (3): DecoderLayer(
        (norm_1): Norm()
        (norm_2): Norm()
        (norm_3): Norm()
        (dropout_1): Dropout(p=0.1, inplace=False)
        (dropout_2): Dropout(p=0.1, inplace=False)
        (dropout_3): Dropout(p=0.1, inplace=False)
        (attn_1): MultiHeadAttention(
          (q_linear): Linear(in_features=256, out_features=256, bias=True)
          (k_linear): Linear(in_features=256, out_features=256, bias=True)
          (v_linear): Linear(in_features=256, out_features=256, bias=True)
          (dropout): Dropout(p=0.1, inplace=False)
          (out): Linear(in_features=256, out_features=256, bias=True)
        )
        (attn_2): MultiHeadAttention(
          (q_linear): Linear(in_features=256, out_features=256, bias=True)
          (k_linear): Linear(in_features=256, out_features=256, bias=True)
          (v_linear): Linear(in_features=256, out_features=256, bias=True)
          (dropout): Dropout(p=0.1, inplace=False)
          (out): Linear(in_features=256, out_features=256, bias=True)
        )
        (ff): FeedForward(
          (linear_1): Linear(in_features=256, out_features=2048, bias=True)
          (dropout): Dropout(p=0.1, inplace=False)
          (linear_2): Linear(in_features=2048, out_features=256, bias=True)
        )
      )
    )
    (norm): Norm()
  )
  (out): Linear(in_features=256, out_features=9206, bias=True)
)
[Sat, 17 May 2025 01:47:54 INFO] Encoder: 8545792
[Sat, 17 May 2025 01:47:54 INFO] Decoder: 8672256
[Sat, 17 May 2025 01:47:54 INFO] * Number of parameters: 17218048
[Sat, 17 May 2025 01:47:54 INFO] Starting training on cuda
[Sat, 17 May 2025 01:48:07 INFO] epoch: 001 - iter: 00200 - train loss: 0.9397 - time elapsed/per batch: 13.2439 0.0662
[Sat, 17 May 2025 01:48:18 INFO] epoch: 001 - iter: 00400 - train loss: 0.9872 - time elapsed/per batch: 11.1180 0.0556
[Sat, 17 May 2025 01:48:30 INFO] epoch: 001 - iter: 00600 - train loss: 0.9375 - time elapsed/per batch: 11.6650 0.0583
[Sat, 17 May 2025 01:48:41 INFO] epoch: 001 - iter: 00800 - train loss: 0.9657 - time elapsed/per batch: 11.1415 0.0557
[Sat, 17 May 2025 01:48:55 INFO] epoch: 001 - iter: 01000 - train loss: 0.9487 - time elapsed/per batch: 13.7580 0.0688
[Sat, 17 May 2025 01:49:08 INFO] epoch: 001 - iter: 01200 - train loss: 0.9250 - time elapsed/per batch: 13.6735 0.0684
[Sat, 17 May 2025 01:49:20 INFO] epoch: 001 - iter: 01400 - train loss: 0.9536 - time elapsed/per batch: 11.6470 0.0582
[Sat, 17 May 2025 01:49:34 INFO] epoch: 001 - iter: 01600 - train loss: 0.9050 - time elapsed/per batch: 14.4065 0.0720
[Sat, 17 May 2025 01:49:49 INFO] epoch: 001 - iter: 01800 - train loss: 0.9088 - time elapsed/per batch: 14.8223 0.0741
[Sat, 17 May 2025 01:50:03 INFO] epoch: 001 - iter: 02000 - train loss: 0.9304 - time elapsed/per batch: 13.4375 0.0672
[Sat, 17 May 2025 01:50:14 INFO] epoch: 001 - iter: 02200 - train loss: 0.9860 - time elapsed/per batch: 11.1910 0.0560
[Sat, 17 May 2025 01:50:25 INFO] epoch: 001 - iter: 02400 - train loss: 0.9459 - time elapsed/per batch: 11.2970 0.0565
[Sat, 17 May 2025 01:50:39 INFO] epoch: 001 - iter: 02600 - train loss: 0.9382 - time elapsed/per batch: 13.4235 0.0671
[Sat, 17 May 2025 01:50:50 INFO] epoch: 001 - iter: 02800 - train loss: 0.9397 - time elapsed/per batch: 11.8250 0.0591
[Sat, 17 May 2025 01:51:02 INFO] epoch: 001 - iter: 03000 - train loss: 0.9337 - time elapsed/per batch: 11.4860 0.0574
[Sat, 17 May 2025 01:51:13 INFO] epoch: 001 - iter: 03200 - train loss: 0.9292 - time elapsed/per batch: 11.6195 0.0581
[Sat, 17 May 2025 01:51:27 INFO] epoch: 001 - iter: 03400 - train loss: 0.9480 - time elapsed/per batch: 13.6640 0.0683
[Sat, 17 May 2025 01:51:42 INFO] epoch: 001 - iter: 03600 - train loss: 0.9168 - time elapsed/per batch: 14.5660 0.0728
[Sat, 17 May 2025 01:51:53 INFO] epoch: 001 - iter: 03800 - train loss: 0.9620 - time elapsed/per batch: 11.1195 0.0556
[Sat, 17 May 2025 01:52:09 INFO] epoch: 001 - iter: 04000 - train loss: 0.9061 - time elapsed/per batch: 15.9080 0.0795
[Sat, 17 May 2025 01:52:22 INFO] epoch: 001 - iter: 04200 - train loss: 0.9090 - time elapsed/per batch: 13.7130 0.0686
[Sat, 17 May 2025 01:52:35 INFO] epoch: 001 - iter: 04400 - train loss: 0.9077 - time elapsed/per batch: 12.5905 0.0630
[Sat, 17 May 2025 01:52:47 INFO] epoch: 001 - iter: 04600 - train loss: 0.8998 - time elapsed/per batch: 11.7970 0.0590
[Sat, 17 May 2025 01:52:58 INFO] epoch: 001 - iter: 04800 - train loss: 0.9457 - time elapsed/per batch: 10.7840 0.0539
[Sat, 17 May 2025 01:53:09 INFO] epoch: 001 - iter: 05000 - train loss: 0.9293 - time elapsed/per batch: 11.3750 0.0569
[Sat, 17 May 2025 01:53:24 INFO] epoch: 001 - iter: 05200 - train loss: 0.8971 - time elapsed/per batch: 14.7130 0.0736
[Sat, 17 May 2025 01:53:38 INFO] epoch: 001 - iter: 05400 - train loss: 0.9043 - time elapsed/per batch: 13.9870 0.0699
[Sat, 17 May 2025 01:53:50 INFO] epoch: 001 - iter: 05600 - train loss: 0.9082 - time elapsed/per batch: 11.9770 0.0599
[Sat, 17 May 2025 01:54:03 INFO] epoch: 001 - iter: 05800 - train loss: 0.9405 - time elapsed/per batch: 13.6185 0.0681
[Sat, 17 May 2025 01:54:17 INFO] epoch: 001 - iter: 06000 - train loss: 0.8973 - time elapsed/per batch: 13.9990 0.0700
[Sat, 17 May 2025 01:54:29 INFO] epoch: 001 - iter: 06200 - train loss: 0.9077 - time elapsed/per batch: 11.7410 0.0587
[Sat, 17 May 2025 01:54:41 INFO] epoch: 001 - iter: 06400 - train loss: 0.8694 - time elapsed/per batch: 11.7530 0.0588
[Sat, 17 May 2025 01:54:54 INFO] epoch: 001 - iter: 06600 - train loss: 0.8963 - time elapsed/per batch: 13.2950 0.0665
[Sat, 17 May 2025 01:55:05 INFO] epoch: 001 - iter: 06800 - train loss: 0.9242 - time elapsed/per batch: 11.3280 0.0566
[Sat, 17 May 2025 01:55:17 INFO] epoch: 001 - iter: 07000 - train loss: 0.9016 - time elapsed/per batch: 11.6910 0.0585
[Sat, 17 May 2025 01:55:29 INFO] epoch: 001 - iter: 07200 - train loss: 0.9029 - time elapsed/per batch: 11.4940 0.0575
[Sat, 17 May 2025 01:55:40 INFO] epoch: 001 - iter: 07400 - train loss: 0.9071 - time elapsed/per batch: 11.7040 0.0585
[Sat, 17 May 2025 01:55:52 INFO] epoch: 001 - iter: 07600 - train loss: 0.9078 - time elapsed/per batch: 11.3065 0.0565
[Sat, 17 May 2025 01:56:30 INFO] epoch: 001 - iter: 07737 - valid loss: 4.1931 - bleu score: 0.0275 - full evaluation time: 30.9605
[Sat, 17 May 2025 01:56:43 INFO] epoch: 002 - iter: 00200 - train loss: 0.8449 - time elapsed/per batch: 12.3195 0.0616
[Sat, 17 May 2025 01:56:54 INFO] epoch: 002 - iter: 00400 - train loss: 0.8738 - time elapsed/per batch: 11.3515 0.0568
[Sat, 17 May 2025 01:57:08 INFO] epoch: 002 - iter: 00600 - train loss: 0.8820 - time elapsed/per batch: 13.7555 0.0688
[Sat, 17 May 2025 01:57:19 INFO] epoch: 002 - iter: 00800 - train loss: 0.8771 - time elapsed/per batch: 11.4775 0.0574
[Sat, 17 May 2025 01:57:33 INFO] epoch: 002 - iter: 01000 - train loss: 0.8347 - time elapsed/per batch: 13.9590 0.0698
[Sat, 17 May 2025 01:57:45 INFO] epoch: 002 - iter: 01200 - train loss: 0.8610 - time elapsed/per batch: 11.9920 0.0600
[Sat, 17 May 2025 01:57:59 INFO] epoch: 002 - iter: 01400 - train loss: 0.8284 - time elapsed/per batch: 13.3600 0.0668
[Sat, 17 May 2025 01:58:12 INFO] epoch: 002 - iter: 01600 - train loss: 0.8530 - time elapsed/per batch: 13.2610 0.0663
[Sat, 17 May 2025 01:58:24 INFO] epoch: 002 - iter: 01800 - train loss: 0.8582 - time elapsed/per batch: 11.7200 0.0586
[Sat, 17 May 2025 01:58:35 INFO] epoch: 002 - iter: 02000 - train loss: 0.8654 - time elapsed/per batch: 10.9985 0.0550
[Sat, 17 May 2025 01:58:46 INFO] epoch: 002 - iter: 02200 - train loss: 0.8612 - time elapsed/per batch: 11.4701 0.0574
[Sat, 17 May 2025 01:58:58 INFO] epoch: 002 - iter: 02400 - train loss: 0.8335 - time elapsed/per batch: 11.6060 0.0580
[Sat, 17 May 2025 01:59:09 INFO] epoch: 002 - iter: 02600 - train loss: 0.8324 - time elapsed/per batch: 11.7155 0.0586
[Sat, 17 May 2025 01:59:23 INFO] epoch: 002 - iter: 02800 - train loss: 0.8547 - time elapsed/per batch: 13.3600 0.0668
[Sat, 17 May 2025 01:59:35 INFO] epoch: 002 - iter: 03000 - train loss: 0.8453 - time elapsed/per batch: 11.7360 0.0587
[Sat, 17 May 2025 01:59:47 INFO] epoch: 002 - iter: 03200 - train loss: 0.8125 - time elapsed/per batch: 11.9520 0.0598
[Sat, 17 May 2025 01:59:58 INFO] epoch: 002 - iter: 03400 - train loss: 0.8096 - time elapsed/per batch: 11.9920 0.0600
[Sat, 17 May 2025 02:00:12 INFO] epoch: 002 - iter: 03600 - train loss: 0.8518 - time elapsed/per batch: 13.2950 0.0665
[Sat, 17 May 2025 02:00:26 INFO] epoch: 002 - iter: 03800 - train loss: 0.8088 - time elapsed/per batch: 14.1550 0.0708
[Sat, 17 May 2025 02:00:38 INFO] epoch: 002 - iter: 04000 - train loss: 0.8416 - time elapsed/per batch: 11.6265 0.0581
[Sat, 17 May 2025 02:00:53 INFO] epoch: 002 - iter: 04200 - train loss: 0.8499 - time elapsed/per batch: 15.7630 0.0788
[Sat, 17 May 2025 02:01:05 INFO] epoch: 002 - iter: 04400 - train loss: 0.8673 - time elapsed/per batch: 11.2960 0.0565
[Sat, 17 May 2025 02:01:16 INFO] epoch: 002 - iter: 04600 - train loss: 0.8366 - time elapsed/per batch: 11.4940 0.0575
[Sat, 17 May 2025 02:01:31 INFO] epoch: 002 - iter: 04800 - train loss: 0.8461 - time elapsed/per batch: 14.9190 0.0746
[Sat, 17 May 2025 02:01:43 INFO] epoch: 002 - iter: 05000 - train loss: 0.8221 - time elapsed/per batch: 11.8340 0.0592
[Sat, 17 May 2025 02:01:55 INFO] epoch: 002 - iter: 05200 - train loss: 0.8221 - time elapsed/per batch: 12.2240 0.0611
[Sat, 17 May 2025 02:02:09 INFO] epoch: 002 - iter: 05400 - train loss: 0.8322 - time elapsed/per batch: 13.4290 0.0671
[Sat, 17 May 2025 02:02:23 INFO] epoch: 002 - iter: 05600 - train loss: 0.8548 - time elapsed/per batch: 14.0085 0.0700
[Sat, 17 May 2025 02:02:33 INFO] epoch: 002 - iter: 05800 - train loss: 0.8866 - time elapsed/per batch: 10.6550 0.0533
[Sat, 17 May 2025 02:02:47 INFO] epoch: 002 - iter: 06000 - train loss: 0.8302 - time elapsed/per batch: 13.5520 0.0678
[Sat, 17 May 2025 02:02:58 INFO] epoch: 002 - iter: 06200 - train loss: 0.8442 - time elapsed/per batch: 11.6883 0.0584
[Sat, 17 May 2025 02:03:09 INFO] epoch: 002 - iter: 06400 - train loss: 0.8507 - time elapsed/per batch: 10.9490 0.0547
[Sat, 17 May 2025 02:03:21 INFO] epoch: 002 - iter: 06600 - train loss: 0.8290 - time elapsed/per batch: 11.7820 0.0589
[Sat, 17 May 2025 02:03:32 INFO] epoch: 002 - iter: 06800 - train loss: 0.8405 - time elapsed/per batch: 11.2540 0.0563
[Sat, 17 May 2025 02:03:48 INFO] epoch: 002 - iter: 07000 - train loss: 0.8497 - time elapsed/per batch: 15.9485 0.0797
[Sat, 17 May 2025 02:04:00 INFO] epoch: 002 - iter: 07200 - train loss: 0.8090 - time elapsed/per batch: 11.7350 0.0587
[Sat, 17 May 2025 02:04:15 INFO] epoch: 002 - iter: 07400 - train loss: 0.7848 - time elapsed/per batch: 15.2470 0.0762
[Sat, 17 May 2025 02:04:27 INFO] epoch: 002 - iter: 07600 - train loss: 0.8198 - time elapsed/per batch: 11.5910 0.0580
[Sat, 17 May 2025 02:05:06 INFO] epoch: 002 - iter: 07737 - valid loss: 3.9649 - bleu score: 0.0500 - full evaluation time: 30.5750
[Sat, 17 May 2025 02:05:18 INFO] epoch: 003 - iter: 00200 - train loss: 0.7862 - time elapsed/per batch: 11.8295 0.0591
[Sat, 17 May 2025 02:05:29 INFO] epoch: 003 - iter: 00400 - train loss: 0.7970 - time elapsed/per batch: 11.5350 0.0577
[Sat, 17 May 2025 02:05:41 INFO] epoch: 003 - iter: 00600 - train loss: 0.7758 - time elapsed/per batch: 12.3420 0.0617
[Sat, 17 May 2025 02:05:55 INFO] epoch: 003 - iter: 00800 - train loss: 0.7913 - time elapsed/per batch: 13.1680 0.0658
[Sat, 17 May 2025 02:06:06 INFO] epoch: 003 - iter: 01000 - train loss: 0.8248 - time elapsed/per batch: 11.7195 0.0586
[Sat, 17 May 2025 02:06:20 INFO] epoch: 003 - iter: 01200 - train loss: 0.7953 - time elapsed/per batch: 13.6587 0.0683
[Sat, 17 May 2025 02:06:32 INFO] epoch: 003 - iter: 01400 - train loss: 0.8060 - time elapsed/per batch: 11.7505 0.0588
[Sat, 17 May 2025 02:06:44 INFO] epoch: 003 - iter: 01600 - train loss: 0.7778 - time elapsed/per batch: 12.1140 0.0606
[Sat, 17 May 2025 02:07:00 INFO] epoch: 003 - iter: 01800 - train loss: 0.7814 - time elapsed/per batch: 16.3515 0.0818
[Sat, 17 May 2025 02:07:12 INFO] epoch: 003 - iter: 02000 - train loss: 0.7873 - time elapsed/per batch: 12.0460 0.0602
[Sat, 17 May 2025 02:07:26 INFO] epoch: 003 - iter: 02200 - train loss: 0.7976 - time elapsed/per batch: 13.4650 0.0673
[Sat, 17 May 2025 02:07:37 INFO] epoch: 003 - iter: 02400 - train loss: 0.8058 - time elapsed/per batch: 11.3560 0.0568
[Sat, 17 May 2025 02:07:51 INFO] epoch: 003 - iter: 02600 - train loss: 0.8130 - time elapsed/per batch: 14.1680 0.0708
[Sat, 17 May 2025 02:08:03 INFO] epoch: 003 - iter: 02800 - train loss: 0.8143 - time elapsed/per batch: 11.5600 0.0578
[Sat, 17 May 2025 02:08:17 INFO] epoch: 003 - iter: 03000 - train loss: 0.7865 - time elapsed/per batch: 13.7630 0.0688
[Sat, 17 May 2025 02:08:28 INFO] epoch: 003 - iter: 03200 - train loss: 0.8122 - time elapsed/per batch: 11.1720 0.0559
[Sat, 17 May 2025 02:08:39 INFO] epoch: 003 - iter: 03400 - train loss: 0.8262 - time elapsed/per batch: 11.6870 0.0584
[Sat, 17 May 2025 02:08:59 INFO] epoch: 003 - iter: 03600 - train loss: 0.7774 - time elapsed/per batch: 19.2650 0.0963
[Sat, 17 May 2025 02:09:12 INFO] epoch: 003 - iter: 03800 - train loss: 0.8107 - time elapsed/per batch: 13.3200 0.0666
[Sat, 17 May 2025 02:09:25 INFO] epoch: 003 - iter: 04000 - train loss: 0.7903 - time elapsed/per batch: 13.4230 0.0671
[Sat, 17 May 2025 02:09:37 INFO] epoch: 003 - iter: 04200 - train loss: 0.7852 - time elapsed/per batch: 11.6350 0.0582
[Sat, 17 May 2025 02:09:51 INFO] epoch: 003 - iter: 04400 - train loss: 0.7874 - time elapsed/per batch: 13.9080 0.0695
[Sat, 17 May 2025 02:10:05 INFO] epoch: 003 - iter: 04600 - train loss: 0.8157 - time elapsed/per batch: 13.5900 0.0679
[Sat, 17 May 2025 02:10:16 INFO] epoch: 003 - iter: 04800 - train loss: 0.7794 - time elapsed/per batch: 11.9140 0.0596
[Sat, 17 May 2025 02:10:28 INFO] epoch: 003 - iter: 05000 - train loss: 0.8082 - time elapsed/per batch: 11.5430 0.0577
[Sat, 17 May 2025 02:10:40 INFO] epoch: 003 - iter: 05200 - train loss: 0.7983 - time elapsed/per batch: 11.6790 0.0584
[Sat, 17 May 2025 02:10:51 INFO] epoch: 003 - iter: 05400 - train loss: 0.7838 - time elapsed/per batch: 11.7060 0.0585
[Sat, 17 May 2025 02:11:03 INFO] epoch: 003 - iter: 05600 - train loss: 0.8210 - time elapsed/per batch: 11.2790 0.0564
[Sat, 17 May 2025 02:11:16 INFO] epoch: 003 - iter: 05800 - train loss: 0.8110 - time elapsed/per batch: 13.0560 0.0653
[Sat, 17 May 2025 02:11:27 INFO] epoch: 003 - iter: 06000 - train loss: 0.7881 - time elapsed/per batch: 11.1880 0.0559
[Sat, 17 May 2025 02:11:41 INFO] epoch: 003 - iter: 06200 - train loss: 0.7944 - time elapsed/per batch: 13.6885 0.0684
[Sat, 17 May 2025 02:11:52 INFO] epoch: 003 - iter: 06400 - train loss: 0.7965 - time elapsed/per batch: 11.7760 0.0589
[Sat, 17 May 2025 02:12:04 INFO] epoch: 003 - iter: 06600 - train loss: 0.7807 - time elapsed/per batch: 11.7505 0.0588
[Sat, 17 May 2025 02:12:16 INFO] epoch: 003 - iter: 06800 - train loss: 0.7734 - time elapsed/per batch: 11.6940 0.0585
[Sat, 17 May 2025 02:12:28 INFO] epoch: 003 - iter: 07000 - train loss: 0.7879 - time elapsed/per batch: 11.8820 0.0594
[Sat, 17 May 2025 02:12:41 INFO] epoch: 003 - iter: 07200 - train loss: 0.7988 - time elapsed/per batch: 13.1180 0.0656
[Sat, 17 May 2025 02:12:53 INFO] epoch: 003 - iter: 07400 - train loss: 0.7885 - time elapsed/per batch: 11.8070 0.0590
[Sat, 17 May 2025 02:13:04 INFO] epoch: 003 - iter: 07600 - train loss: 0.7863 - time elapsed/per batch: 11.4900 0.0574
[Sat, 17 May 2025 02:13:44 INFO] epoch: 003 - iter: 07737 - valid loss: 3.8348 - bleu score: 0.0602 - full evaluation time: 31.5970
[Sat, 17 May 2025 02:13:55 INFO] epoch: 004 - iter: 00200 - train loss: 0.7873 - time elapsed/per batch: 11.6850 0.0584
[Sat, 17 May 2025 02:14:09 INFO] epoch: 004 - iter: 00400 - train loss: 0.7482 - time elapsed/per batch: 13.4440 0.0672
[Sat, 17 May 2025 02:14:20 INFO] epoch: 004 - iter: 00600 - train loss: 0.7804 - time elapsed/per batch: 11.3500 0.0567
[Sat, 17 May 2025 02:14:33 INFO] epoch: 004 - iter: 00800 - train loss: 0.7781 - time elapsed/per batch: 13.2305 0.0662
[Sat, 17 May 2025 02:14:50 INFO] epoch: 004 - iter: 01000 - train loss: 0.7479 - time elapsed/per batch: 16.2680 0.0813
[Sat, 17 May 2025 02:15:04 INFO] epoch: 004 - iter: 01200 - train loss: 0.7906 - time elapsed/per batch: 14.0410 0.0702
[Sat, 17 May 2025 02:15:17 INFO] epoch: 004 - iter: 01400 - train loss: 0.7428 - time elapsed/per batch: 13.5821 0.0679
[Sat, 17 May 2025 02:15:32 INFO] epoch: 004 - iter: 01600 - train loss: 0.7616 - time elapsed/per batch: 15.2181 0.0761
[Sat, 17 May 2025 02:15:46 INFO] epoch: 004 - iter: 01800 - train loss: 0.8049 - time elapsed/per batch: 13.2091 0.0660
[Sat, 17 May 2025 02:15:57 INFO] epoch: 004 - iter: 02000 - train loss: 0.7733 - time elapsed/per batch: 11.5535 0.0578
[Sat, 17 May 2025 02:16:09 INFO] epoch: 004 - iter: 02200 - train loss: 0.7926 - time elapsed/per batch: 11.3911 0.0570
[Sat, 17 May 2025 02:16:20 INFO] epoch: 004 - iter: 02400 - train loss: 0.7738 - time elapsed/per batch: 11.2772 0.0564
[Sat, 17 May 2025 02:16:31 INFO] epoch: 004 - iter: 02600 - train loss: 0.7991 - time elapsed/per batch: 11.1015 0.0555
[Sat, 17 May 2025 02:16:43 INFO] epoch: 004 - iter: 02800 - train loss: 0.7666 - time elapsed/per batch: 11.6564 0.0583
[Sat, 17 May 2025 02:16:54 INFO] epoch: 004 - iter: 03000 - train loss: 0.7761 - time elapsed/per batch: 11.5023 0.0575
[Sat, 17 May 2025 02:17:08 INFO] epoch: 004 - iter: 03200 - train loss: 0.7612 - time elapsed/per batch: 13.3597 0.0668
[Sat, 17 May 2025 02:17:22 INFO] epoch: 004 - iter: 03400 - train loss: 0.7696 - time elapsed/per batch: 14.8942 0.0745
[Sat, 17 May 2025 02:17:34 INFO] epoch: 004 - iter: 03600 - train loss: 0.7678 - time elapsed/per batch: 11.4882 0.0574
[Sat, 17 May 2025 02:17:45 INFO] epoch: 004 - iter: 03800 - train loss: 0.7869 - time elapsed/per batch: 11.3347 0.0567
[Sat, 17 May 2025 02:17:57 INFO] epoch: 004 - iter: 04000 - train loss: 0.7721 - time elapsed/per batch: 11.4017 0.0570
[Sat, 17 May 2025 02:18:08 INFO] epoch: 004 - iter: 04200 - train loss: 0.7766 - time elapsed/per batch: 11.8192 0.0591
[Sat, 17 May 2025 02:18:22 INFO] epoch: 004 - iter: 04400 - train loss: 0.7844 - time elapsed/per batch: 13.7886 0.0689
[Sat, 17 May 2025 02:18:38 INFO] epoch: 004 - iter: 04600 - train loss: 0.7536 - time elapsed/per batch: 16.0115 0.0801
[Sat, 17 May 2025 02:18:50 INFO] epoch: 004 - iter: 04800 - train loss: 0.7925 - time elapsed/per batch: 11.7450 0.0587
[Sat, 17 May 2025 02:19:02 INFO] epoch: 004 - iter: 05000 - train loss: 0.7484 - time elapsed/per batch: 12.3070 0.0615
[Sat, 17 May 2025 02:19:16 INFO] epoch: 004 - iter: 05200 - train loss: 0.7419 - time elapsed/per batch: 13.7660 0.0688
[Sat, 17 May 2025 02:19:28 INFO] epoch: 004 - iter: 05400 - train loss: 0.7755 - time elapsed/per batch: 11.4670 0.0573
[Sat, 17 May 2025 02:19:40 INFO] epoch: 004 - iter: 05600 - train loss: 0.7467 - time elapsed/per batch: 12.3140 0.0616
[Sat, 17 May 2025 02:19:52 INFO] epoch: 004 - iter: 05800 - train loss: 0.7779 - time elapsed/per batch: 11.7530 0.0588
[Sat, 17 May 2025 02:20:03 INFO] epoch: 004 - iter: 06000 - train loss: 0.7941 - time elapsed/per batch: 11.6880 0.0584
[Sat, 17 May 2025 02:20:15 INFO] epoch: 004 - iter: 06200 - train loss: 0.7529 - time elapsed/per batch: 11.8350 0.0592
[Sat, 17 May 2025 02:20:27 INFO] epoch: 004 - iter: 06400 - train loss: 0.7599 - time elapsed/per batch: 12.0420 0.0602
[Sat, 17 May 2025 02:20:39 INFO] epoch: 004 - iter: 06600 - train loss: 0.7452 - time elapsed/per batch: 12.1765 0.0609
[Sat, 17 May 2025 02:20:53 INFO] epoch: 004 - iter: 06800 - train loss: 0.7741 - time elapsed/per batch: 13.6295 0.0681
[Sat, 17 May 2025 02:21:05 INFO] epoch: 004 - iter: 07000 - train loss: 0.7392 - time elapsed/per batch: 12.0375 0.0602
[Sat, 17 May 2025 02:21:16 INFO] epoch: 004 - iter: 07200 - train loss: 0.7576 - time elapsed/per batch: 11.2530 0.0563
[Sat, 17 May 2025 02:21:30 INFO] epoch: 004 - iter: 07400 - train loss: 0.7536 - time elapsed/per batch: 13.7210 0.0686
[Sat, 17 May 2025 02:21:42 INFO] epoch: 004 - iter: 07600 - train loss: 0.7602 - time elapsed/per batch: 11.6620 0.0583
[Sat, 17 May 2025 02:22:21 INFO] epoch: 004 - iter: 07737 - valid loss: 3.7774 - bleu score: 0.0691 - full evaluation time: 30.4410
[Sat, 17 May 2025 02:22:33 INFO] epoch: 005 - iter: 00200 - train loss: 0.7380 - time elapsed/per batch: 12.1625 0.0608
[Sat, 17 May 2025 02:22:45 INFO] epoch: 005 - iter: 00400 - train loss: 0.7410 - time elapsed/per batch: 12.0620 0.0603
[Sat, 17 May 2025 02:22:57 INFO] epoch: 005 - iter: 00600 - train loss: 0.7398 - time elapsed/per batch: 12.2205 0.0611
[Sat, 17 May 2025 02:23:09 INFO] epoch: 005 - iter: 00800 - train loss: 0.7550 - time elapsed/per batch: 11.6990 0.0585
[Sat, 17 May 2025 02:23:25 INFO] epoch: 005 - iter: 01000 - train loss: 0.7297 - time elapsed/per batch: 15.6118 0.0781
[Sat, 17 May 2025 02:23:38 INFO] epoch: 005 - iter: 01200 - train loss: 0.7592 - time elapsed/per batch: 13.5993 0.0680
[Sat, 17 May 2025 02:23:52 INFO] epoch: 005 - iter: 01400 - train loss: 0.7625 - time elapsed/per batch: 14.1585 0.0708
[Sat, 17 May 2025 02:24:04 INFO] epoch: 005 - iter: 01600 - train loss: 0.7507 - time elapsed/per batch: 11.5492 0.0577
[Sat, 17 May 2025 02:24:18 INFO] epoch: 005 - iter: 01800 - train loss: 0.7250 - time elapsed/per batch: 14.1963 0.0710
[Sat, 17 May 2025 02:24:33 INFO] epoch: 005 - iter: 02000 - train loss: 0.7445 - time elapsed/per batch: 14.8387 0.0742
[Sat, 17 May 2025 02:24:47 INFO] epoch: 005 - iter: 02200 - train loss: 0.7653 - time elapsed/per batch: 13.5011 0.0675
[Sat, 17 May 2025 02:25:00 INFO] epoch: 005 - iter: 02400 - train loss: 0.7597 - time elapsed/per batch: 13.1367 0.0657
[Sat, 17 May 2025 02:25:11 INFO] epoch: 005 - iter: 02600 - train loss: 0.7609 - time elapsed/per batch: 11.5602 0.0578
[Sat, 17 May 2025 02:25:24 INFO] epoch: 005 - iter: 02800 - train loss: 0.7693 - time elapsed/per batch: 13.0435 0.0652
[Sat, 17 May 2025 02:25:38 INFO] epoch: 005 - iter: 03000 - train loss: 0.7490 - time elapsed/per batch: 13.4432 0.0672
[Sat, 17 May 2025 02:25:49 INFO] epoch: 005 - iter: 03200 - train loss: 0.7679 - time elapsed/per batch: 11.0772 0.0554
[Sat, 17 May 2025 02:26:03 INFO] epoch: 005 - iter: 03400 - train loss: 0.7604 - time elapsed/per batch: 14.5153 0.0726
[Sat, 17 May 2025 02:26:17 INFO] epoch: 005 - iter: 03600 - train loss: 0.7835 - time elapsed/per batch: 13.3722 0.0669
[Sat, 17 May 2025 02:26:29 INFO] epoch: 005 - iter: 03800 - train loss: 0.7340 - time elapsed/per batch: 12.0072 0.0600
[Sat, 17 May 2025 02:26:42 INFO] epoch: 005 - iter: 04000 - train loss: 0.7953 - time elapsed/per batch: 13.1302 0.0657
[Sat, 17 May 2025 02:26:53 INFO] epoch: 005 - iter: 04200 - train loss: 0.7487 - time elapsed/per batch: 11.4807 0.0574
[Sat, 17 May 2025 02:27:05 INFO] epoch: 005 - iter: 04400 - train loss: 0.7392 - time elapsed/per batch: 11.9082 0.0595
[Sat, 17 May 2025 02:27:17 INFO] epoch: 005 - iter: 04600 - train loss: 0.7451 - time elapsed/per batch: 11.8471 0.0592
[Sat, 17 May 2025 02:27:29 INFO] epoch: 005 - iter: 04800 - train loss: 0.7475 - time elapsed/per batch: 11.5543 0.0578
[Sat, 17 May 2025 02:27:40 INFO] epoch: 005 - iter: 05000 - train loss: 0.7532 - time elapsed/per batch: 11.4681 0.0573
[Sat, 17 May 2025 02:27:52 INFO] epoch: 005 - iter: 05200 - train loss: 0.7507 - time elapsed/per batch: 11.4201 0.0571
[Sat, 17 May 2025 02:28:03 INFO] epoch: 005 - iter: 05400 - train loss: 0.7376 - time elapsed/per batch: 11.5312 0.0577
[Sat, 17 May 2025 02:28:16 INFO] epoch: 005 - iter: 05600 - train loss: 0.7252 - time elapsed/per batch: 13.2087 0.0660
[Sat, 17 May 2025 02:28:28 INFO] epoch: 005 - iter: 05800 - train loss: 0.7488 - time elapsed/per batch: 11.6032 0.0580
[Sat, 17 May 2025 02:28:40 INFO] epoch: 005 - iter: 06000 - train loss: 0.7562 - time elapsed/per batch: 11.6924 0.0585
[Sat, 17 May 2025 02:28:51 INFO] epoch: 005 - iter: 06200 - train loss: 0.7507 - time elapsed/per batch: 11.8984 0.0595
[Sat, 17 May 2025 02:29:03 INFO] epoch: 005 - iter: 06400 - train loss: 0.7266 - time elapsed/per batch: 12.0341 0.0602
[Sat, 17 May 2025 02:29:16 INFO] epoch: 005 - iter: 06600 - train loss: 0.7374 - time elapsed/per batch: 12.3112 0.0616
[Sat, 17 May 2025 02:29:28 INFO] epoch: 005 - iter: 06800 - train loss: 0.7461 - time elapsed/per batch: 11.9222 0.0596
[Sat, 17 May 2025 02:29:41 INFO] epoch: 005 - iter: 07000 - train loss: 0.7457 - time elapsed/per batch: 13.5630 0.0678
[Sat, 17 May 2025 02:29:53 INFO] epoch: 005 - iter: 07200 - train loss: 0.7233 - time elapsed/per batch: 12.0975 0.0605
[Sat, 17 May 2025 02:30:09 INFO] epoch: 005 - iter: 07400 - train loss: 0.7420 - time elapsed/per batch: 15.9324 0.0797
[Sat, 17 May 2025 02:30:21 INFO] epoch: 005 - iter: 07600 - train loss: 0.7419 - time elapsed/per batch: 12.1251 0.0606
[Sat, 17 May 2025 02:31:00 INFO] epoch: 005 - iter: 07737 - valid loss: 3.7202 - bleu score: 0.0732 - full evaluation time: 30.7664
[Sat, 17 May 2025 02:31:12 INFO] epoch: 006 - iter: 00200 - train loss: 0.7321 - time elapsed/per batch: 11.5322 0.0577
[Sat, 17 May 2025 02:31:23 INFO] epoch: 006 - iter: 00400 - train loss: 0.7449 - time elapsed/per batch: 11.6434 0.0582
[Sat, 17 May 2025 02:31:39 INFO] epoch: 006 - iter: 00600 - train loss: 0.7425 - time elapsed/per batch: 15.1693 0.0758
[Sat, 17 May 2025 02:31:52 INFO] epoch: 006 - iter: 00800 - train loss: 0.7065 - time elapsed/per batch: 13.7597 0.0688
[Sat, 17 May 2025 02:32:04 INFO] epoch: 006 - iter: 01000 - train loss: 0.7068 - time elapsed/per batch: 11.8805 0.0594
[Sat, 17 May 2025 02:32:15 INFO] epoch: 006 - iter: 01200 - train loss: 0.7359 - time elapsed/per batch: 10.9630 0.0548
[Sat, 17 May 2025 02:32:27 INFO] epoch: 006 - iter: 01400 - train loss: 0.7362 - time elapsed/per batch: 11.6155 0.0581
[Sat, 17 May 2025 02:32:39 INFO] epoch: 006 - iter: 01600 - train loss: 0.7464 - time elapsed/per batch: 11.7670 0.0588
[Sat, 17 May 2025 02:32:51 INFO] epoch: 006 - iter: 01800 - train loss: 0.7098 - time elapsed/per batch: 12.0030 0.0600
[Sat, 17 May 2025 02:33:04 INFO] epoch: 006 - iter: 02000 - train loss: 0.7329 - time elapsed/per batch: 13.6650 0.0683
[Sat, 17 May 2025 02:33:18 INFO] epoch: 006 - iter: 02200 - train loss: 0.7270 - time elapsed/per batch: 13.8470 0.0692
[Sat, 17 May 2025 02:33:30 INFO] epoch: 006 - iter: 02400 - train loss: 0.7507 - time elapsed/per batch: 11.9040 0.0595
[Sat, 17 May 2025 02:33:44 INFO] epoch: 006 - iter: 02600 - train loss: 0.7273 - time elapsed/per batch: 13.8140 0.0691
[Sat, 17 May 2025 02:33:55 INFO] epoch: 006 - iter: 02800 - train loss: 0.7509 - time elapsed/per batch: 11.5350 0.0577
[Sat, 17 May 2025 02:34:07 INFO] epoch: 006 - iter: 03000 - train loss: 0.7508 - time elapsed/per batch: 11.4810 0.0574
[Sat, 17 May 2025 02:34:19 INFO] epoch: 006 - iter: 03200 - train loss: 0.7280 - time elapsed/per batch: 11.7695 0.0588
[Sat, 17 May 2025 02:34:30 INFO] epoch: 006 - iter: 03400 - train loss: 0.7312 - time elapsed/per batch: 11.8580 0.0593
[Sat, 17 May 2025 02:34:42 INFO] epoch: 006 - iter: 03600 - train loss: 0.7291 - time elapsed/per batch: 11.8900 0.0594
[Sat, 17 May 2025 02:34:56 INFO] epoch: 006 - iter: 03800 - train loss: 0.7177 - time elapsed/per batch: 13.9688 0.0698
[Sat, 17 May 2025 02:35:08 INFO] epoch: 006 - iter: 04000 - train loss: 0.7080 - time elapsed/per batch: 11.4531 0.0573
[Sat, 17 May 2025 02:35:19 INFO] epoch: 006 - iter: 04200 - train loss: 0.7384 - time elapsed/per batch: 11.7351 0.0587
[Sat, 17 May 2025 02:35:33 INFO] epoch: 006 - iter: 04400 - train loss: 0.7285 - time elapsed/per batch: 13.5118 0.0676
[Sat, 17 May 2025 02:35:45 INFO] epoch: 006 - iter: 04600 - train loss: 0.7475 - time elapsed/per batch: 11.6800 0.0584
[Sat, 17 May 2025 02:35:59 INFO] epoch: 006 - iter: 04800 - train loss: 0.7122 - time elapsed/per batch: 14.6320 0.0732
[Sat, 17 May 2025 02:36:11 INFO] epoch: 006 - iter: 05000 - train loss: 0.7540 - time elapsed/per batch: 11.5360 0.0577
[Sat, 17 May 2025 02:36:24 INFO] epoch: 006 - iter: 05200 - train loss: 0.7304 - time elapsed/per batch: 13.3975 0.0670
[Sat, 17 May 2025 02:36:38 INFO] epoch: 006 - iter: 05400 - train loss: 0.7162 - time elapsed/per batch: 14.0225 0.0701
[Sat, 17 May 2025 02:36:52 INFO] epoch: 006 - iter: 05600 - train loss: 0.7132 - time elapsed/per batch: 13.6165 0.0681
[Sat, 17 May 2025 02:37:04 INFO] epoch: 006 - iter: 05800 - train loss: 0.7231 - time elapsed/per batch: 11.9090 0.0595
[Sat, 17 May 2025 02:37:18 INFO] epoch: 006 - iter: 06000 - train loss: 0.6936 - time elapsed/per batch: 14.0140 0.0701
[Sat, 17 May 2025 02:37:32 INFO] epoch: 006 - iter: 06200 - train loss: 0.7196 - time elapsed/per batch: 13.8710 0.0694
[Sat, 17 May 2025 02:37:45 INFO] epoch: 006 - iter: 06400 - train loss: 0.7386 - time elapsed/per batch: 13.7985 0.0690
[Sat, 17 May 2025 02:38:00 INFO] epoch: 006 - iter: 06600 - train loss: 0.7116 - time elapsed/per batch: 14.5655 0.0728
[Sat, 17 May 2025 02:38:12 INFO] epoch: 006 - iter: 06800 - train loss: 0.7390 - time elapsed/per batch: 11.5640 0.0578
[Sat, 17 May 2025 02:38:23 INFO] epoch: 006 - iter: 07000 - train loss: 0.7381 - time elapsed/per batch: 11.8785 0.0594
[Sat, 17 May 2025 02:38:35 INFO] epoch: 006 - iter: 07200 - train loss: 0.7300 - time elapsed/per batch: 11.9390 0.0597
[Sat, 17 May 2025 02:38:47 INFO] epoch: 006 - iter: 07400 - train loss: 0.7525 - time elapsed/per batch: 11.4840 0.0574
[Sat, 17 May 2025 02:39:00 INFO] epoch: 006 - iter: 07600 - train loss: 0.7306 - time elapsed/per batch: 13.0380 0.0652
[Sat, 17 May 2025 02:39:41 INFO] epoch: 006 - iter: 07737 - valid loss: 3.6722 - bleu score: 0.0788 - full evaluation time: 32.4640
[Sat, 17 May 2025 02:39:53 INFO] epoch: 007 - iter: 00200 - train loss: 0.6986 - time elapsed/per batch: 11.8785 0.0594
[Sat, 17 May 2025 02:40:04 INFO] epoch: 007 - iter: 00400 - train loss: 0.7263 - time elapsed/per batch: 11.4860 0.0574
[Sat, 17 May 2025 02:40:15 INFO] epoch: 007 - iter: 00600 - train loss: 0.7476 - time elapsed/per batch: 11.1685 0.0558
[Sat, 17 May 2025 02:40:29 INFO] epoch: 007 - iter: 00800 - train loss: 0.7034 - time elapsed/per batch: 13.9240 0.0696
[Sat, 17 May 2025 02:40:41 INFO] epoch: 007 - iter: 01000 - train loss: 0.7272 - time elapsed/per batch: 11.5260 0.0576
[Sat, 17 May 2025 02:40:52 INFO] epoch: 007 - iter: 01200 - train loss: 0.7177 - time elapsed/per batch: 11.6715 0.0584
[Sat, 17 May 2025 02:41:04 INFO] epoch: 007 - iter: 01400 - train loss: 0.7148 - time elapsed/per batch: 11.5195 0.0576
[Sat, 17 May 2025 02:41:17 INFO] epoch: 007 - iter: 01600 - train loss: 0.7032 - time elapsed/per batch: 12.6820 0.0634
[Sat, 17 May 2025 02:41:28 INFO] epoch: 007 - iter: 01800 - train loss: 0.7152 - time elapsed/per batch: 11.5240 0.0576
[Sat, 17 May 2025 02:41:42 INFO] epoch: 007 - iter: 02000 - train loss: 0.7314 - time elapsed/per batch: 13.3800 0.0669
[Sat, 17 May 2025 02:41:56 INFO] epoch: 007 - iter: 02200 - train loss: 0.7223 - time elapsed/per batch: 14.0340 0.0702
[Sat, 17 May 2025 02:42:07 INFO] epoch: 007 - iter: 02400 - train loss: 0.7363 - time elapsed/per batch: 11.8455 0.0592
[Sat, 17 May 2025 02:42:19 INFO] epoch: 007 - iter: 02600 - train loss: 0.7172 - time elapsed/per batch: 11.2410 0.0562
[Sat, 17 May 2025 02:42:30 INFO] epoch: 007 - iter: 02800 - train loss: 0.7357 - time elapsed/per batch: 11.4530 0.0573
[Sat, 17 May 2025 02:42:42 INFO] epoch: 007 - iter: 03000 - train loss: 0.7149 - time elapsed/per batch: 11.8855 0.0594
[Sat, 17 May 2025 02:42:56 INFO] epoch: 007 - iter: 03200 - train loss: 0.7269 - time elapsed/per batch: 14.1810 0.0709
[Sat, 17 May 2025 02:43:11 INFO] epoch: 007 - iter: 03400 - train loss: 0.7122 - time elapsed/per batch: 14.4951 0.0725
[Sat, 17 May 2025 02:43:24 INFO] epoch: 007 - iter: 03600 - train loss: 0.7037 - time elapsed/per batch: 13.5080 0.0675
[Sat, 17 May 2025 02:43:36 INFO] epoch: 007 - iter: 03800 - train loss: 0.7048 - time elapsed/per batch: 11.5615 0.0578
[Sat, 17 May 2025 02:43:47 INFO] epoch: 007 - iter: 04000 - train loss: 0.7289 - time elapsed/per batch: 11.6725 0.0584
[Sat, 17 May 2025 02:43:59 INFO] epoch: 007 - iter: 04200 - train loss: 0.7198 - time elapsed/per batch: 11.9925 0.0600
[Sat, 17 May 2025 02:44:11 INFO] epoch: 007 - iter: 04400 - train loss: 0.7277 - time elapsed/per batch: 11.7745 0.0589
[Sat, 17 May 2025 02:44:29 INFO] epoch: 007 - iter: 04600 - train loss: 0.7056 - time elapsed/per batch: 17.8260 0.0891
[Sat, 17 May 2025 02:44:41 INFO] epoch: 007 - iter: 04800 - train loss: 0.7216 - time elapsed/per batch: 11.8630 0.0593
[Sat, 17 May 2025 02:44:53 INFO] epoch: 007 - iter: 05000 - train loss: 0.6971 - time elapsed/per batch: 12.2180 0.0611
[Sat, 17 May 2025 02:45:05 INFO] epoch: 007 - iter: 05200 - train loss: 0.7097 - time elapsed/per batch: 11.6520 0.0583
[Sat, 17 May 2025 02:45:20 INFO] epoch: 007 - iter: 05400 - train loss: 0.7197 - time elapsed/per batch: 15.4710 0.0774
[Sat, 17 May 2025 02:45:32 INFO] epoch: 007 - iter: 05600 - train loss: 0.7174 - time elapsed/per batch: 11.7685 0.0588
[Sat, 17 May 2025 02:45:44 INFO] epoch: 007 - iter: 05800 - train loss: 0.7118 - time elapsed/per batch: 11.5010 0.0575
[Sat, 17 May 2025 02:45:56 INFO] epoch: 007 - iter: 06000 - train loss: 0.7138 - time elapsed/per batch: 12.0525 0.0603
[Sat, 17 May 2025 02:46:07 INFO] epoch: 007 - iter: 06200 - train loss: 0.7148 - time elapsed/per batch: 11.3320 0.0567
[Sat, 17 May 2025 02:46:19 INFO] epoch: 007 - iter: 06400 - train loss: 0.7036 - time elapsed/per batch: 12.0850 0.0604
[Sat, 17 May 2025 02:46:32 INFO] epoch: 007 - iter: 06600 - train loss: 0.7021 - time elapsed/per batch: 13.3445 0.0667
[Sat, 17 May 2025 02:46:46 INFO] epoch: 007 - iter: 06800 - train loss: 0.7202 - time elapsed/per batch: 13.3180 0.0666
[Sat, 17 May 2025 02:47:01 INFO] epoch: 007 - iter: 07000 - train loss: 0.7278 - time elapsed/per batch: 15.1790 0.0759
[Sat, 17 May 2025 02:47:12 INFO] epoch: 007 - iter: 07200 - train loss: 0.7253 - time elapsed/per batch: 11.3160 0.0566
[Sat, 17 May 2025 02:47:24 INFO] epoch: 007 - iter: 07400 - train loss: 0.7118 - time elapsed/per batch: 11.9565 0.0598
[Sat, 17 May 2025 02:47:41 INFO] epoch: 007 - iter: 07600 - train loss: 0.7273 - time elapsed/per batch: 17.0972 0.0855
[Sat, 17 May 2025 02:48:19 INFO] epoch: 007 - iter: 07737 - valid loss: 3.6388 - bleu score: 0.0848 - full evaluation time: 29.6840
[Sat, 17 May 2025 02:48:32 INFO] epoch: 008 - iter: 00200 - train loss: 0.7210 - time elapsed/per batch: 13.4885 0.0674
[Sat, 17 May 2025 02:48:44 INFO] epoch: 008 - iter: 00400 - train loss: 0.7021 - time elapsed/per batch: 11.7155 0.0586
[Sat, 17 May 2025 02:48:57 INFO] epoch: 008 - iter: 00600 - train loss: 0.7077 - time elapsed/per batch: 13.1685 0.0658
[Sat, 17 May 2025 02:49:08 INFO] epoch: 008 - iter: 00800 - train loss: 0.7116 - time elapsed/per batch: 11.4535 0.0573
[Sat, 17 May 2025 02:49:21 INFO] epoch: 008 - iter: 01000 - train loss: 0.7045 - time elapsed/per batch: 12.0960 0.0605
[Sat, 17 May 2025 02:49:34 INFO] epoch: 008 - iter: 01200 - train loss: 0.7083 - time elapsed/per batch: 13.4430 0.0672
[Sat, 17 May 2025 02:49:48 INFO] epoch: 008 - iter: 01400 - train loss: 0.6835 - time elapsed/per batch: 13.7865 0.0689
[Sat, 17 May 2025 02:49:59 INFO] epoch: 008 - iter: 01600 - train loss: 0.7201 - time elapsed/per batch: 11.2845 0.0564
[Sat, 17 May 2025 02:50:11 INFO] epoch: 008 - iter: 01800 - train loss: 0.7215 - time elapsed/per batch: 11.7925 0.0590
[Sat, 17 May 2025 02:50:24 INFO] epoch: 008 - iter: 02000 - train loss: 0.6965 - time elapsed/per batch: 13.2840 0.0664
[Sat, 17 May 2025 02:50:38 INFO] epoch: 008 - iter: 02200 - train loss: 0.7049 - time elapsed/per batch: 13.4060 0.0670
[Sat, 17 May 2025 02:50:49 INFO] epoch: 008 - iter: 02400 - train loss: 0.7045 - time elapsed/per batch: 11.8040 0.0590
[Sat, 17 May 2025 02:51:01 INFO] epoch: 008 - iter: 02600 - train loss: 0.6978 - time elapsed/per batch: 11.7420 0.0587
[Sat, 17 May 2025 02:51:13 INFO] epoch: 008 - iter: 02800 - train loss: 0.7068 - time elapsed/per batch: 11.7335 0.0587
[Sat, 17 May 2025 02:51:24 INFO] epoch: 008 - iter: 03000 - train loss: 0.7229 - time elapsed/per batch: 11.6340 0.0582
[Sat, 17 May 2025 02:51:36 INFO] epoch: 008 - iter: 03200 - train loss: 0.7077 - time elapsed/per batch: 11.4485 0.0572
[Sat, 17 May 2025 02:51:51 INFO] epoch: 008 - iter: 03400 - train loss: 0.7247 - time elapsed/per batch: 15.4520 0.0773
[Sat, 17 May 2025 02:52:03 INFO] epoch: 008 - iter: 03600 - train loss: 0.7007 - time elapsed/per batch: 11.9880 0.0599
[Sat, 17 May 2025 02:52:17 INFO] epoch: 008 - iter: 03800 - train loss: 0.6884 - time elapsed/per batch: 13.6200 0.0681
[Sat, 17 May 2025 02:52:31 INFO] epoch: 008 - iter: 04000 - train loss: 0.7149 - time elapsed/per batch: 13.7663 0.0688
[Sat, 17 May 2025 02:52:43 INFO] epoch: 008 - iter: 04200 - train loss: 0.6824 - time elapsed/per batch: 11.9530 0.0598
[Sat, 17 May 2025 02:52:55 INFO] epoch: 008 - iter: 04400 - train loss: 0.6981 - time elapsed/per batch: 12.2700 0.0614
[Sat, 17 May 2025 02:53:10 INFO] epoch: 008 - iter: 04600 - train loss: 0.7026 - time elapsed/per batch: 15.3335 0.0767
[Sat, 17 May 2025 02:53:24 INFO] epoch: 008 - iter: 04800 - train loss: 0.7232 - time elapsed/per batch: 13.6935 0.0685
[Sat, 17 May 2025 02:53:37 INFO] epoch: 008 - iter: 05000 - train loss: 0.7188 - time elapsed/per batch: 13.2735 0.0664
[Sat, 17 May 2025 02:53:53 INFO] epoch: 008 - iter: 05200 - train loss: 0.7206 - time elapsed/per batch: 15.9080 0.0795
[Sat, 17 May 2025 02:54:05 INFO] epoch: 008 - iter: 05400 - train loss: 0.6905 - time elapsed/per batch: 11.6430 0.0582
[Sat, 17 May 2025 02:54:16 INFO] epoch: 008 - iter: 05600 - train loss: 0.7125 - time elapsed/per batch: 11.6080 0.0580
[Sat, 17 May 2025 02:54:28 INFO] epoch: 008 - iter: 05800 - train loss: 0.7004 - time elapsed/per batch: 11.8210 0.0591
[Sat, 17 May 2025 02:54:40 INFO] epoch: 008 - iter: 06000 - train loss: 0.7163 - time elapsed/per batch: 11.8270 0.0591
[Sat, 17 May 2025 02:54:51 INFO] epoch: 008 - iter: 06200 - train loss: 0.7184 - time elapsed/per batch: 11.3775 0.0569
[Sat, 17 May 2025 02:55:06 INFO] epoch: 008 - iter: 06400 - train loss: 0.6853 - time elapsed/per batch: 14.7040 0.0735
[Sat, 17 May 2025 02:55:20 INFO] epoch: 008 - iter: 06600 - train loss: 0.6979 - time elapsed/per batch: 13.3815 0.0669
[Sat, 17 May 2025 02:55:31 INFO] epoch: 008 - iter: 06800 - train loss: 0.7030 - time elapsed/per batch: 11.7625 0.0588
[Sat, 17 May 2025 02:55:43 INFO] epoch: 008 - iter: 07000 - train loss: 0.6979 - time elapsed/per batch: 11.9645 0.0598
[Sat, 17 May 2025 02:55:55 INFO] epoch: 008 - iter: 07200 - train loss: 0.7208 - time elapsed/per batch: 11.8640 0.0593
[Sat, 17 May 2025 02:56:06 INFO] epoch: 008 - iter: 07400 - train loss: 0.7211 - time elapsed/per batch: 11.1565 0.0558
[Sat, 17 May 2025 02:56:18 INFO] epoch: 008 - iter: 07600 - train loss: 0.7204 - time elapsed/per batch: 11.6555 0.0583
[Sat, 17 May 2025 02:56:57 INFO] epoch: 008 - iter: 07737 - valid loss: 3.6266 - bleu score: 0.0900 - full evaluation time: 30.6560
[Sat, 17 May 2025 02:57:09 INFO] epoch: 009 - iter: 00200 - train loss: 0.6953 - time elapsed/per batch: 12.5620 0.0628
[Sat, 17 May 2025 02:57:21 INFO] epoch: 009 - iter: 00400 - train loss: 0.7040 - time elapsed/per batch: 11.7245 0.0586
[Sat, 17 May 2025 02:57:33 INFO] epoch: 009 - iter: 00600 - train loss: 0.6648 - time elapsed/per batch: 12.2060 0.0610
[Sat, 17 May 2025 02:57:45 INFO] epoch: 009 - iter: 00800 - train loss: 0.6904 - time elapsed/per batch: 11.3745 0.0569
[Sat, 17 May 2025 02:58:00 INFO] epoch: 009 - iter: 01000 - train loss: 0.6890 - time elapsed/per batch: 15.2835 0.0764
[Sat, 17 May 2025 02:58:14 INFO] epoch: 009 - iter: 01200 - train loss: 0.7097 - time elapsed/per batch: 14.3485 0.0717
[Sat, 17 May 2025 02:58:26 INFO] epoch: 009 - iter: 01400 - train loss: 0.6999 - time elapsed/per batch: 11.6470 0.0582
[Sat, 17 May 2025 02:58:38 INFO] epoch: 009 - iter: 01600 - train loss: 0.6848 - time elapsed/per batch: 12.4300 0.0621
[Sat, 17 May 2025 02:58:50 INFO] epoch: 009 - iter: 01800 - train loss: 0.7112 - time elapsed/per batch: 11.6840 0.0584
[Sat, 17 May 2025 02:59:02 INFO] epoch: 009 - iter: 02000 - train loss: 0.6687 - time elapsed/per batch: 11.8490 0.0592
[Sat, 17 May 2025 02:59:16 INFO] epoch: 009 - iter: 02200 - train loss: 0.7187 - time elapsed/per batch: 14.2410 0.0712
[Sat, 17 May 2025 02:59:30 INFO] epoch: 009 - iter: 02400 - train loss: 0.6946 - time elapsed/per batch: 13.7880 0.0689
[Sat, 17 May 2025 02:59:42 INFO] epoch: 009 - iter: 02600 - train loss: 0.7006 - time elapsed/per batch: 11.6700 0.0583
[Sat, 17 May 2025 02:59:53 INFO] epoch: 009 - iter: 02800 - train loss: 0.6927 - time elapsed/per batch: 11.4980 0.0575
[Sat, 17 May 2025 03:00:05 INFO] epoch: 009 - iter: 03000 - train loss: 0.6951 - time elapsed/per batch: 11.6340 0.0582
[Sat, 17 May 2025 03:00:16 INFO] epoch: 009 - iter: 03200 - train loss: 0.6960 - time elapsed/per batch: 11.6580 0.0583
[Sat, 17 May 2025 03:00:31 INFO] epoch: 009 - iter: 03400 - train loss: 0.6934 - time elapsed/per batch: 14.2550 0.0713
[Sat, 17 May 2025 03:00:42 INFO] epoch: 009 - iter: 03600 - train loss: 0.7055 - time elapsed/per batch: 11.7735 0.0589
[Sat, 17 May 2025 03:00:57 INFO] epoch: 009 - iter: 03800 - train loss: 0.7027 - time elapsed/per batch: 14.2930 0.0715
[Sat, 17 May 2025 03:01:08 INFO] epoch: 009 - iter: 04000 - train loss: 0.6915 - time elapsed/per batch: 11.8440 0.0592
[Sat, 17 May 2025 03:01:24 INFO] epoch: 009 - iter: 04200 - train loss: 0.6973 - time elapsed/per batch: 15.5435 0.0777
[Sat, 17 May 2025 03:01:38 INFO] epoch: 009 - iter: 04400 - train loss: 0.6967 - time elapsed/per batch: 14.0430 0.0702
[Sat, 17 May 2025 03:01:53 INFO] epoch: 009 - iter: 04600 - train loss: 0.6998 - time elapsed/per batch: 15.0170 0.0751
[Sat, 17 May 2025 03:02:05 INFO] epoch: 009 - iter: 04800 - train loss: 0.7126 - time elapsed/per batch: 11.6420 0.0582
[Sat, 17 May 2025 03:02:16 INFO] epoch: 009 - iter: 05000 - train loss: 0.7019 - time elapsed/per batch: 11.4570 0.0573
[Sat, 17 May 2025 03:02:30 INFO] epoch: 009 - iter: 05200 - train loss: 0.6680 - time elapsed/per batch: 13.7635 0.0688
[Sat, 17 May 2025 03:02:45 INFO] epoch: 009 - iter: 05400 - train loss: 0.6807 - time elapsed/per batch: 15.1335 0.0757
[Sat, 17 May 2025 03:02:57 INFO] epoch: 009 - iter: 05600 - train loss: 0.6999 - time elapsed/per batch: 11.8690 0.0593
[Sat, 17 May 2025 03:03:08 INFO] epoch: 009 - iter: 05800 - train loss: 0.7178 - time elapsed/per batch: 11.1650 0.0558
[Sat, 17 May 2025 03:03:22 INFO] epoch: 009 - iter: 06000 - train loss: 0.6885 - time elapsed/per batch: 13.4660 0.0673
[Sat, 17 May 2025 03:03:33 INFO] epoch: 009 - iter: 06200 - train loss: 0.6909 - time elapsed/per batch: 11.8830 0.0594
[Sat, 17 May 2025 03:03:45 INFO] epoch: 009 - iter: 06400 - train loss: 0.6995 - time elapsed/per batch: 11.6115 0.0581
[Sat, 17 May 2025 03:03:57 INFO] epoch: 009 - iter: 06600 - train loss: 0.7089 - time elapsed/per batch: 11.5985 0.0580
[Sat, 17 May 2025 03:04:08 INFO] epoch: 009 - iter: 06800 - train loss: 0.7010 - time elapsed/per batch: 11.5570 0.0578
[Sat, 17 May 2025 03:04:22 INFO] epoch: 009 - iter: 07000 - train loss: 0.6834 - time elapsed/per batch: 13.4150 0.0671
[Sat, 17 May 2025 03:04:35 INFO] epoch: 009 - iter: 07200 - train loss: 0.6922 - time elapsed/per batch: 13.1900 0.0659
[Sat, 17 May 2025 03:04:46 INFO] epoch: 009 - iter: 07400 - train loss: 0.7085 - time elapsed/per batch: 11.5520 0.0578
[Sat, 17 May 2025 03:04:58 INFO] epoch: 009 - iter: 07600 - train loss: 0.6863 - time elapsed/per batch: 11.4440 0.0572
[Sat, 17 May 2025 03:05:35 INFO] epoch: 009 - iter: 07737 - valid loss: 3.5914 - bleu score: 0.0897 - full evaluation time: 29.3689
[Sat, 17 May 2025 03:05:50 INFO] epoch: 010 - iter: 00200 - train loss: 0.6749 - time elapsed/per batch: 14.5415 0.0727
[Sat, 17 May 2025 03:06:01 INFO] epoch: 010 - iter: 00400 - train loss: 0.6914 - time elapsed/per batch: 11.7585 0.0588
[Sat, 17 May 2025 03:06:14 INFO] epoch: 010 - iter: 00600 - train loss: 0.6969 - time elapsed/per batch: 12.9605 0.0648
[Sat, 17 May 2025 03:06:25 INFO] epoch: 010 - iter: 00800 - train loss: 0.6665 - time elapsed/per batch: 11.0915 0.0555
[Sat, 17 May 2025 03:06:37 INFO] epoch: 010 - iter: 01000 - train loss: 0.6963 - time elapsed/per batch: 12.0660 0.0603
[Sat, 17 May 2025 03:06:49 INFO] epoch: 010 - iter: 01200 - train loss: 0.6914 - time elapsed/per batch: 11.3710 0.0569
[Sat, 17 May 2025 03:07:01 INFO] epoch: 010 - iter: 01400 - train loss: 0.6953 - time elapsed/per batch: 12.0950 0.0605
[Sat, 17 May 2025 03:07:13 INFO] epoch: 010 - iter: 01600 - train loss: 0.6735 - time elapsed/per batch: 12.0270 0.0601
[Sat, 17 May 2025 03:07:27 INFO] epoch: 010 - iter: 01800 - train loss: 0.6881 - time elapsed/per batch: 14.0115 0.0701
[Sat, 17 May 2025 03:07:40 INFO] epoch: 010 - iter: 02000 - train loss: 0.6880 - time elapsed/per batch: 13.4620 0.0673
[Sat, 17 May 2025 03:07:53 INFO] epoch: 010 - iter: 02200 - train loss: 0.6880 - time elapsed/per batch: 12.0800 0.0604
[Sat, 17 May 2025 03:08:04 INFO] epoch: 010 - iter: 02400 - train loss: 0.7112 - time elapsed/per batch: 11.4090 0.0570
[Sat, 17 May 2025 03:08:16 INFO] epoch: 010 - iter: 02600 - train loss: 0.6758 - time elapsed/per batch: 11.9510 0.0598
[Sat, 17 May 2025 03:08:31 INFO] epoch: 010 - iter: 02800 - train loss: 0.6880 - time elapsed/per batch: 15.2930 0.0765
[Sat, 17 May 2025 03:08:45 INFO] epoch: 010 - iter: 03000 - train loss: 0.7123 - time elapsed/per batch: 13.3205 0.0666
[Sat, 17 May 2025 03:08:56 INFO] epoch: 010 - iter: 03200 - train loss: 0.6747 - time elapsed/per batch: 11.6350 0.0582
[Sat, 17 May 2025 03:09:14 INFO] epoch: 010 - iter: 03400 - train loss: 0.7133 - time elapsed/per batch: 18.1495 0.0907
[Sat, 17 May 2025 03:09:26 INFO] epoch: 010 - iter: 03600 - train loss: 0.6898 - time elapsed/per batch: 11.8285 0.0591
[Sat, 17 May 2025 03:09:38 INFO] epoch: 010 - iter: 03800 - train loss: 0.6968 - time elapsed/per batch: 11.4310 0.0572
[Sat, 17 May 2025 03:09:49 INFO] epoch: 010 - iter: 04000 - train loss: 0.6703 - time elapsed/per batch: 11.7185 0.0586
[Sat, 17 May 2025 03:10:03 INFO] epoch: 010 - iter: 04200 - train loss: 0.6634 - time elapsed/per batch: 13.6625 0.0683
[Sat, 17 May 2025 03:10:15 INFO] epoch: 010 - iter: 04400 - train loss: 0.6833 - time elapsed/per batch: 11.8060 0.0590
[Sat, 17 May 2025 03:10:26 INFO] epoch: 010 - iter: 04600 - train loss: 0.6633 - time elapsed/per batch: 11.6520 0.0583
[Sat, 17 May 2025 03:10:38 INFO] epoch: 010 - iter: 04800 - train loss: 0.6702 - time elapsed/per batch: 11.9610 0.0598
[Sat, 17 May 2025 03:10:52 INFO] epoch: 010 - iter: 05000 - train loss: 0.7150 - time elapsed/per batch: 13.2760 0.0664
[Sat, 17 May 2025 03:11:05 INFO] epoch: 010 - iter: 05200 - train loss: 0.6771 - time elapsed/per batch: 13.7545 0.0688
[Sat, 17 May 2025 03:11:17 INFO] epoch: 010 - iter: 05400 - train loss: 0.7037 - time elapsed/per batch: 11.4170 0.0571
[Sat, 17 May 2025 03:11:28 INFO] epoch: 010 - iter: 05600 - train loss: 0.6845 - time elapsed/per batch: 11.5100 0.0575
[Sat, 17 May 2025 03:11:41 INFO] epoch: 010 - iter: 05800 - train loss: 0.7008 - time elapsed/per batch: 12.8600 0.0643
[Sat, 17 May 2025 03:11:56 INFO] epoch: 010 - iter: 06000 - train loss: 0.7043 - time elapsed/per batch: 14.5750 0.0729
[Sat, 17 May 2025 03:12:07 INFO] epoch: 010 - iter: 06200 - train loss: 0.6929 - time elapsed/per batch: 11.7405 0.0587
[Sat, 17 May 2025 03:12:19 INFO] epoch: 010 - iter: 06400 - train loss: 0.6804 - time elapsed/per batch: 11.8200 0.0591
[Sat, 17 May 2025 03:12:31 INFO] epoch: 010 - iter: 06600 - train loss: 0.6707 - time elapsed/per batch: 11.8650 0.0593
[Sat, 17 May 2025 03:12:47 INFO] epoch: 010 - iter: 06800 - train loss: 0.7019 - time elapsed/per batch: 15.5330 0.0777
[Sat, 17 May 2025 03:12:58 INFO] epoch: 010 - iter: 07000 - train loss: 0.7023 - time elapsed/per batch: 11.4790 0.0574
[Sat, 17 May 2025 03:13:10 INFO] epoch: 010 - iter: 07200 - train loss: 0.6683 - time elapsed/per batch: 12.2280 0.0611
[Sat, 17 May 2025 03:13:22 INFO] epoch: 010 - iter: 07400 - train loss: 0.6944 - time elapsed/per batch: 11.5455 0.0577
[Sat, 17 May 2025 03:13:33 INFO] epoch: 010 - iter: 07600 - train loss: 0.7003 - time elapsed/per batch: 11.3630 0.0568
[Sat, 17 May 2025 03:14:11 INFO] epoch: 010 - iter: 07737 - valid loss: 3.5771 - bleu score: 0.0924 - full evaluation time: 29.8800
[Sat, 17 May 2025 03:14:23 INFO] epoch: 011 - iter: 00200 - train loss: 0.6570 - time elapsed/per batch: 11.9225 0.0596
[Sat, 17 May 2025 03:14:35 INFO] epoch: 011 - iter: 00400 - train loss: 0.6979 - time elapsed/per batch: 12.1480 0.0607
[Sat, 17 May 2025 03:14:48 INFO] epoch: 011 - iter: 00600 - train loss: 0.6771 - time elapsed/per batch: 13.0355 0.0652
[Sat, 17 May 2025 03:15:02 INFO] epoch: 011 - iter: 00800 - train loss: 0.6783 - time elapsed/per batch: 13.8000 0.0690
[Sat, 17 May 2025 03:15:14 INFO] epoch: 011 - iter: 01000 - train loss: 0.6679 - time elapsed/per batch: 11.5800 0.0579
[Sat, 17 May 2025 03:15:27 INFO] epoch: 011 - iter: 01200 - train loss: 0.6640 - time elapsed/per batch: 13.5380 0.0677
[Sat, 17 May 2025 03:15:39 INFO] epoch: 011 - iter: 01400 - train loss: 0.6874 - time elapsed/per batch: 11.8690 0.0593
[Sat, 17 May 2025 03:15:56 INFO] epoch: 011 - iter: 01600 - train loss: 0.6784 - time elapsed/per batch: 16.6150 0.0831
[Sat, 17 May 2025 03:16:09 INFO] epoch: 011 - iter: 01800 - train loss: 0.6701 - time elapsed/per batch: 13.4675 0.0673
[Sat, 17 May 2025 03:16:23 INFO] epoch: 011 - iter: 02000 - train loss: 0.6772 - time elapsed/per batch: 14.0165 0.0701
[Sat, 17 May 2025 03:16:37 INFO] epoch: 011 - iter: 02200 - train loss: 0.6787 - time elapsed/per batch: 13.2940 0.0665
[Sat, 17 May 2025 03:16:48 INFO] epoch: 011 - iter: 02400 - train loss: 0.6997 - time elapsed/per batch: 11.2805 0.0564
[Sat, 17 May 2025 03:16:59 INFO] epoch: 011 - iter: 02600 - train loss: 0.6860 - time elapsed/per batch: 11.4985 0.0575
[Sat, 17 May 2025 03:17:11 INFO] epoch: 011 - iter: 02800 - train loss: 0.6759 - time elapsed/per batch: 11.5930 0.0580
[Sat, 17 May 2025 03:17:23 INFO] epoch: 011 - iter: 03000 - train loss: 0.6812 - time elapsed/per batch: 11.9670 0.0598
[Sat, 17 May 2025 03:17:37 INFO] epoch: 011 - iter: 03200 - train loss: 0.6722 - time elapsed/per batch: 13.9550 0.0698
[Sat, 17 May 2025 03:17:48 INFO] epoch: 011 - iter: 03400 - train loss: 0.6978 - time elapsed/per batch: 11.5645 0.0578
[Sat, 17 May 2025 03:18:02 INFO] epoch: 011 - iter: 03600 - train loss: 0.6720 - time elapsed/per batch: 14.0180 0.0701
[Sat, 17 May 2025 03:18:16 INFO] epoch: 011 - iter: 03800 - train loss: 0.6782 - time elapsed/per batch: 13.9525 0.0698
[Sat, 17 May 2025 03:18:30 INFO] epoch: 011 - iter: 04000 - train loss: 0.6799 - time elapsed/per batch: 13.2760 0.0664
[Sat, 17 May 2025 03:18:43 INFO] epoch: 011 - iter: 04200 - train loss: 0.6759 - time elapsed/per batch: 13.3870 0.0669
[Sat, 17 May 2025 03:18:55 INFO] epoch: 011 - iter: 04400 - train loss: 0.6688 - time elapsed/per batch: 11.9550 0.0598
[Sat, 17 May 2025 03:19:09 INFO] epoch: 011 - iter: 04600 - train loss: 0.6804 - time elapsed/per batch: 13.7380 0.0687
[Sat, 17 May 2025 03:19:21 INFO] epoch: 011 - iter: 04800 - train loss: 0.6845 - time elapsed/per batch: 11.9725 0.0599
[Sat, 17 May 2025 03:19:35 INFO] epoch: 011 - iter: 05000 - train loss: 0.6521 - time elapsed/per batch: 13.8470 0.0692
[Sat, 17 May 2025 03:19:48 INFO] epoch: 011 - iter: 05200 - train loss: 0.6892 - time elapsed/per batch: 13.0125 0.0651
[Sat, 17 May 2025 03:19:59 INFO] epoch: 011 - iter: 05400 - train loss: 0.6896 - time elapsed/per batch: 11.8800 0.0594
[Sat, 17 May 2025 03:20:11 INFO] epoch: 011 - iter: 05600 - train loss: 0.6870 - time elapsed/per batch: 11.5760 0.0579
[Sat, 17 May 2025 03:20:23 INFO] epoch: 011 - iter: 05800 - train loss: 0.6959 - time elapsed/per batch: 11.6670 0.0583
[Sat, 17 May 2025 03:20:34 INFO] epoch: 011 - iter: 06000 - train loss: 0.6901 - time elapsed/per batch: 11.5240 0.0576
[Sat, 17 May 2025 03:20:46 INFO] epoch: 011 - iter: 06200 - train loss: 0.6690 - time elapsed/per batch: 12.0050 0.0600
[Sat, 17 May 2025 03:20:58 INFO] epoch: 011 - iter: 06400 - train loss: 0.6732 - time elapsed/per batch: 11.9500 0.0597
[Sat, 17 May 2025 03:21:10 INFO] epoch: 011 - iter: 06600 - train loss: 0.6948 - time elapsed/per batch: 11.7765 0.0589
[Sat, 17 May 2025 03:21:24 INFO] epoch: 011 - iter: 06800 - train loss: 0.6578 - time elapsed/per batch: 14.0590 0.0703
[Sat, 17 May 2025 03:21:36 INFO] epoch: 011 - iter: 07000 - train loss: 0.7019 - time elapsed/per batch: 11.5320 0.0577
[Sat, 17 May 2025 03:21:48 INFO] epoch: 011 - iter: 07200 - train loss: 0.6642 - time elapsed/per batch: 11.9380 0.0597
[Sat, 17 May 2025 03:21:59 INFO] epoch: 011 - iter: 07400 - train loss: 0.6815 - time elapsed/per batch: 11.5290 0.0576
[Sat, 17 May 2025 03:22:13 INFO] epoch: 011 - iter: 07600 - train loss: 0.6989 - time elapsed/per batch: 13.8440 0.0692
[Sat, 17 May 2025 03:22:51 INFO] epoch: 011 - iter: 07737 - valid loss: 3.5573 - bleu score: 0.0913 - full evaluation time: 29.6965
[Sat, 17 May 2025 03:23:05 INFO] epoch: 012 - iter: 00200 - train loss: 0.6960 - time elapsed/per batch: 14.3617 0.0718
[Sat, 17 May 2025 03:23:17 INFO] epoch: 012 - iter: 00400 - train loss: 0.6899 - time elapsed/per batch: 11.4380 0.0572
[Sat, 17 May 2025 03:23:29 INFO] epoch: 012 - iter: 00600 - train loss: 0.6651 - time elapsed/per batch: 11.8850 0.0594
[Sat, 17 May 2025 03:23:41 INFO] epoch: 012 - iter: 00800 - train loss: 0.6774 - time elapsed/per batch: 11.9660 0.0598
[Sat, 17 May 2025 03:23:54 INFO] epoch: 012 - iter: 01000 - train loss: 0.6552 - time elapsed/per batch: 13.5600 0.0678
[Sat, 17 May 2025 03:24:08 INFO] epoch: 012 - iter: 01200 - train loss: 0.6674 - time elapsed/per batch: 13.6610 0.0683
[Sat, 17 May 2025 03:24:20 INFO] epoch: 012 - iter: 01400 - train loss: 0.6639 - time elapsed/per batch: 11.8545 0.0593
[Sat, 17 May 2025 03:24:31 INFO] epoch: 012 - iter: 01600 - train loss: 0.6910 - time elapsed/per batch: 11.4740 0.0574
[Sat, 17 May 2025 03:24:45 INFO] epoch: 012 - iter: 01800 - train loss: 0.6645 - time elapsed/per batch: 13.5600 0.0678
[Sat, 17 May 2025 03:24:57 INFO] epoch: 012 - iter: 02000 - train loss: 0.6713 - time elapsed/per batch: 12.1675 0.0608
[Sat, 17 May 2025 03:25:12 INFO] epoch: 012 - iter: 02200 - train loss: 0.6630 - time elapsed/per batch: 15.1965 0.0760
[Sat, 17 May 2025 03:25:26 INFO] epoch: 012 - iter: 02400 - train loss: 0.6801 - time elapsed/per batch: 14.3220 0.0716
[Sat, 17 May 2025 03:25:38 INFO] epoch: 012 - iter: 02600 - train loss: 0.6875 - time elapsed/per batch: 11.3795 0.0569
[Sat, 17 May 2025 03:25:53 INFO] epoch: 012 - iter: 02800 - train loss: 0.6523 - time elapsed/per batch: 14.9500 0.0748
[Sat, 17 May 2025 03:26:04 INFO] epoch: 012 - iter: 03000 - train loss: 0.6884 - time elapsed/per batch: 11.2390 0.0562
[Sat, 17 May 2025 03:26:17 INFO] epoch: 012 - iter: 03200 - train loss: 0.6566 - time elapsed/per batch: 13.2520 0.0663
[Sat, 17 May 2025 03:26:29 INFO] epoch: 012 - iter: 03400 - train loss: 0.6846 - time elapsed/per batch: 11.3390 0.0567
[Sat, 17 May 2025 03:26:40 INFO] epoch: 012 - iter: 03600 - train loss: 0.6808 - time elapsed/per batch: 11.7560 0.0588
[Sat, 17 May 2025 03:26:52 INFO] epoch: 012 - iter: 03800 - train loss: 0.6764 - time elapsed/per batch: 11.7460 0.0587
[Sat, 17 May 2025 03:27:04 INFO] epoch: 012 - iter: 04000 - train loss: 0.6611 - time elapsed/per batch: 12.0340 0.0602
[Sat, 17 May 2025 03:27:16 INFO] epoch: 012 - iter: 04200 - train loss: 0.6695 - time elapsed/per batch: 11.7395 0.0587
[Sat, 17 May 2025 03:27:27 INFO] epoch: 012 - iter: 04400 - train loss: 0.6575 - time elapsed/per batch: 11.2885 0.0564
[Sat, 17 May 2025 03:27:42 INFO] epoch: 012 - iter: 04600 - train loss: 0.6647 - time elapsed/per batch: 14.7315 0.0737
[Sat, 17 May 2025 03:27:53 INFO] epoch: 012 - iter: 04800 - train loss: 0.6815 - time elapsed/per batch: 11.5010 0.0575
[Sat, 17 May 2025 03:28:07 INFO] epoch: 012 - iter: 05000 - train loss: 0.6776 - time elapsed/per batch: 13.2860 0.0664
[Sat, 17 May 2025 03:28:21 INFO] epoch: 012 - iter: 05200 - train loss: 0.6649 - time elapsed/per batch: 13.9550 0.0698
[Sat, 17 May 2025 03:28:32 INFO] epoch: 012 - iter: 05400 - train loss: 0.7002 - time elapsed/per batch: 11.2445 0.0562
[Sat, 17 May 2025 03:28:46 INFO] epoch: 012 - iter: 05600 - train loss: 0.6829 - time elapsed/per batch: 14.1100 0.0706
[Sat, 17 May 2025 03:28:57 INFO] epoch: 012 - iter: 05800 - train loss: 0.6705 - time elapsed/per batch: 11.3050 0.0565
[Sat, 17 May 2025 03:29:09 INFO] epoch: 012 - iter: 06000 - train loss: 0.6725 - time elapsed/per batch: 11.4490 0.0572
[Sat, 17 May 2025 03:29:22 INFO] epoch: 012 - iter: 06200 - train loss: 0.6877 - time elapsed/per batch: 13.5790 0.0679
[Sat, 17 May 2025 03:29:34 INFO] epoch: 012 - iter: 06400 - train loss: 0.6672 - time elapsed/per batch: 12.1120 0.0606
[Sat, 17 May 2025 03:29:46 INFO] epoch: 012 - iter: 06600 - train loss: 0.6677 - time elapsed/per batch: 11.7715 0.0589
[Sat, 17 May 2025 03:30:00 INFO] epoch: 012 - iter: 06800 - train loss: 0.6497 - time elapsed/per batch: 13.6490 0.0682
[Sat, 17 May 2025 03:30:13 INFO] epoch: 012 - iter: 07000 - train loss: 0.6557 - time elapsed/per batch: 13.6305 0.0682
[Sat, 17 May 2025 03:30:25 INFO] epoch: 012 - iter: 07200 - train loss: 0.6790 - time elapsed/per batch: 11.7550 0.0588
[Sat, 17 May 2025 03:30:39 INFO] epoch: 012 - iter: 07400 - train loss: 0.6765 - time elapsed/per batch: 13.2990 0.0665
[Sat, 17 May 2025 03:30:50 INFO] epoch: 012 - iter: 07600 - train loss: 0.6580 - time elapsed/per batch: 11.8860 0.0594
[Sat, 17 May 2025 03:31:27 INFO] epoch: 012 - iter: 07737 - valid loss: 3.5314 - bleu score: 0.0976 - full evaluation time: 29.0215
[Sat, 17 May 2025 03:31:39 INFO] epoch: 013 - iter: 00200 - train loss: 0.6546 - time elapsed/per batch: 11.8800 0.0594
[Sat, 17 May 2025 03:31:55 INFO] epoch: 013 - iter: 00400 - train loss: 0.6484 - time elapsed/per batch: 15.8780 0.0794
[Sat, 17 May 2025 03:32:09 INFO] epoch: 013 - iter: 00600 - train loss: 0.6826 - time elapsed/per batch: 13.8605 0.0693
[Sat, 17 May 2025 03:32:20 INFO] epoch: 013 - iter: 00800 - train loss: 0.6755 - time elapsed/per batch: 10.9310 0.0547
[Sat, 17 May 2025 03:32:32 INFO] epoch: 013 - iter: 01000 - train loss: 0.6531 - time elapsed/per batch: 11.7140 0.0586
[Sat, 17 May 2025 03:32:43 INFO] epoch: 013 - iter: 01200 - train loss: 0.6649 - time elapsed/per batch: 11.8740 0.0594
[Sat, 17 May 2025 03:32:55 INFO] epoch: 013 - iter: 01400 - train loss: 0.6947 - time elapsed/per batch: 11.4460 0.0572
[Sat, 17 May 2025 03:33:07 INFO] epoch: 013 - iter: 01600 - train loss: 0.6711 - time elapsed/per batch: 11.7110 0.0586
[Sat, 17 May 2025 03:33:21 INFO] epoch: 013 - iter: 01800 - train loss: 0.6712 - time elapsed/per batch: 14.6690 0.0733
[Sat, 17 May 2025 03:33:33 INFO] epoch: 013 - iter: 02000 - train loss: 0.6605 - time elapsed/per batch: 11.4840 0.0574
[Sat, 17 May 2025 03:33:51 INFO] epoch: 013 - iter: 02200 - train loss: 0.6502 - time elapsed/per batch: 18.6145 0.0931
[Sat, 17 May 2025 03:34:04 INFO] epoch: 013 - iter: 02400 - train loss: 0.6628 - time elapsed/per batch: 12.3580 0.0618
[Sat, 17 May 2025 03:34:16 INFO] epoch: 013 - iter: 02600 - train loss: 0.6729 - time elapsed/per batch: 11.9850 0.0599
[Sat, 17 May 2025 03:34:29 INFO] epoch: 013 - iter: 02800 - train loss: 0.6599 - time elapsed/per batch: 13.7040 0.0685
[Sat, 17 May 2025 03:34:43 INFO] epoch: 013 - iter: 03000 - train loss: 0.6870 - time elapsed/per batch: 13.2490 0.0662
[Sat, 17 May 2025 03:34:54 INFO] epoch: 013 - iter: 03200 - train loss: 0.6813 - time elapsed/per batch: 11.4325 0.0572
[Sat, 17 May 2025 03:35:07 INFO] epoch: 013 - iter: 03400 - train loss: 0.6591 - time elapsed/per batch: 13.0005 0.0650
[Sat, 17 May 2025 03:35:19 INFO] epoch: 013 - iter: 03600 - train loss: 0.6589 - time elapsed/per batch: 11.9060 0.0595
[Sat, 17 May 2025 03:35:31 INFO] epoch: 013 - iter: 03800 - train loss: 0.6816 - time elapsed/per batch: 12.1120 0.0606
[Sat, 17 May 2025 03:35:42 INFO] epoch: 013 - iter: 04000 - train loss: 0.6766 - time elapsed/per batch: 11.0570 0.0553
[Sat, 17 May 2025 03:35:54 INFO] epoch: 013 - iter: 04200 - train loss: 0.6766 - time elapsed/per batch: 11.6255 0.0581
[Sat, 17 May 2025 03:36:06 INFO] epoch: 013 - iter: 04400 - train loss: 0.6598 - time elapsed/per batch: 11.8025 0.0590
[Sat, 17 May 2025 03:36:17 INFO] epoch: 013 - iter: 04600 - train loss: 0.6674 - time elapsed/per batch: 11.6360 0.0582
[Sat, 17 May 2025 03:36:31 INFO] epoch: 013 - iter: 04800 - train loss: 0.6472 - time elapsed/per batch: 13.4280 0.0671
[Sat, 17 May 2025 03:36:42 INFO] epoch: 013 - iter: 05000 - train loss: 0.6916 - time elapsed/per batch: 11.5505 0.0578
[Sat, 17 May 2025 03:36:56 INFO] epoch: 013 - iter: 05200 - train loss: 0.6695 - time elapsed/per batch: 13.8325 0.0692
[Sat, 17 May 2025 03:37:10 INFO] epoch: 013 - iter: 05400 - train loss: 0.6519 - time elapsed/per batch: 14.0330 0.0702
[Sat, 17 May 2025 03:37:22 INFO] epoch: 013 - iter: 05600 - train loss: 0.6974 - time elapsed/per batch: 11.9740 0.0599
[Sat, 17 May 2025 03:37:34 INFO] epoch: 013 - iter: 05800 - train loss: 0.6688 - time elapsed/per batch: 11.8640 0.0593
[Sat, 17 May 2025 03:37:46 INFO] epoch: 013 - iter: 06000 - train loss: 0.6444 - time elapsed/per batch: 12.2410 0.0612
[Sat, 17 May 2025 03:37:58 INFO] epoch: 013 - iter: 06200 - train loss: 0.6998 - time elapsed/per batch: 11.4390 0.0572
[Sat, 17 May 2025 03:38:11 INFO] epoch: 013 - iter: 06400 - train loss: 0.6731 - time elapsed/per batch: 13.2050 0.0660
[Sat, 17 May 2025 03:38:23 INFO] epoch: 013 - iter: 06600 - train loss: 0.6534 - time elapsed/per batch: 11.7420 0.0587
[Sat, 17 May 2025 03:38:37 INFO] epoch: 013 - iter: 06800 - train loss: 0.6824 - time elapsed/per batch: 14.5025 0.0725
[Sat, 17 May 2025 03:38:49 INFO] epoch: 013 - iter: 07000 - train loss: 0.6533 - time elapsed/per batch: 11.9910 0.0600
[Sat, 17 May 2025 03:39:03 INFO] epoch: 013 - iter: 07200 - train loss: 0.6604 - time elapsed/per batch: 13.8030 0.0690
[Sat, 17 May 2025 03:39:15 INFO] epoch: 013 - iter: 07400 - train loss: 0.6594 - time elapsed/per batch: 12.1910 0.0610
[Sat, 17 May 2025 03:39:27 INFO] epoch: 013 - iter: 07600 - train loss: 0.6580 - time elapsed/per batch: 11.7110 0.0586
[Sat, 17 May 2025 03:40:05 INFO] epoch: 013 - iter: 07737 - valid loss: 3.5198 - bleu score: 0.1026 - full evaluation time: 27.8865
[Sat, 17 May 2025 03:40:16 INFO] epoch: 014 - iter: 00200 - train loss: 0.6625 - time elapsed/per batch: 11.8570 0.0593
[Sat, 17 May 2025 03:40:28 INFO] epoch: 014 - iter: 00400 - train loss: 0.6718 - time elapsed/per batch: 11.3863 0.0569
[Sat, 17 May 2025 03:40:40 INFO] epoch: 014 - iter: 00600 - train loss: 0.6382 - time elapsed/per batch: 12.2144 0.0611
[Sat, 17 May 2025 03:40:52 INFO] epoch: 014 - iter: 00800 - train loss: 0.6571 - time elapsed/per batch: 11.7818 0.0589
[Sat, 17 May 2025 03:41:04 INFO] epoch: 014 - iter: 01000 - train loss: 0.6526 - time elapsed/per batch: 11.8423 0.0592
[Sat, 17 May 2025 03:41:16 INFO] epoch: 014 - iter: 01200 - train loss: 0.6560 - time elapsed/per batch: 11.8541 0.0593
[Sat, 17 May 2025 03:41:27 INFO] epoch: 014 - iter: 01400 - train loss: 0.6439 - time elapsed/per batch: 11.8495 0.0592
[Sat, 17 May 2025 03:41:39 INFO] epoch: 014 - iter: 01600 - train loss: 0.6788 - time elapsed/per batch: 11.2906 0.0565
[Sat, 17 May 2025 03:41:52 INFO] epoch: 014 - iter: 01800 - train loss: 0.6662 - time elapsed/per batch: 12.8052 0.0640
[Sat, 17 May 2025 03:42:03 INFO] epoch: 014 - iter: 02000 - train loss: 0.6835 - time elapsed/per batch: 11.7801 0.0589
[Sat, 17 May 2025 03:42:14 INFO] epoch: 014 - iter: 02200 - train loss: 0.6650 - time elapsed/per batch: 11.0006 0.0550
[Sat, 17 May 2025 03:42:26 INFO] epoch: 014 - iter: 02400 - train loss: 0.6615 - time elapsed/per batch: 12.1435 0.0607
[Sat, 17 May 2025 03:42:38 INFO] epoch: 014 - iter: 02600 - train loss: 0.6404 - time elapsed/per batch: 11.4491 0.0572
[Sat, 17 May 2025 03:42:51 INFO] epoch: 014 - iter: 02800 - train loss: 0.6791 - time elapsed/per batch: 13.2753 0.0664
[Sat, 17 May 2025 03:43:03 INFO] epoch: 014 - iter: 03000 - train loss: 0.6770 - time elapsed/per batch: 11.5682 0.0578
[Sat, 17 May 2025 03:43:17 INFO] epoch: 014 - iter: 03200 - train loss: 0.6512 - time elapsed/per batch: 14.3912 0.0720
[Sat, 17 May 2025 03:43:29 INFO] epoch: 014 - iter: 03400 - train loss: 0.6852 - time elapsed/per batch: 11.4282 0.0571
[Sat, 17 May 2025 03:43:40 INFO] epoch: 014 - iter: 03600 - train loss: 0.6880 - time elapsed/per batch: 11.5342 0.0577
[Sat, 17 May 2025 03:43:52 INFO] epoch: 014 - iter: 03800 - train loss: 0.6594 - time elapsed/per batch: 11.7624 0.0588
[Sat, 17 May 2025 03:44:04 INFO] epoch: 014 - iter: 04000 - train loss: 0.6419 - time elapsed/per batch: 11.6921 0.0585
[Sat, 17 May 2025 03:44:15 INFO] epoch: 014 - iter: 04200 - train loss: 0.6701 - time elapsed/per batch: 11.5856 0.0579
[Sat, 17 May 2025 03:44:29 INFO] epoch: 014 - iter: 04400 - train loss: 0.6500 - time elapsed/per batch: 13.5936 0.0680
[Sat, 17 May 2025 03:44:42 INFO] epoch: 014 - iter: 04600 - train loss: 0.6639 - time elapsed/per batch: 13.7784 0.0689
[Sat, 17 May 2025 03:44:56 INFO] epoch: 014 - iter: 04800 - train loss: 0.6618 - time elapsed/per batch: 13.3731 0.0669
[Sat, 17 May 2025 03:45:10 INFO] epoch: 014 - iter: 05000 - train loss: 0.6626 - time elapsed/per batch: 13.6990 0.0685
[Sat, 17 May 2025 03:45:23 INFO] epoch: 014 - iter: 05200 - train loss: 0.6608 - time elapsed/per batch: 13.8200 0.0691
[Sat, 17 May 2025 03:45:35 INFO] epoch: 014 - iter: 05400 - train loss: 0.6578 - time elapsed/per batch: 11.6495 0.0582
[Sat, 17 May 2025 03:45:47 INFO] epoch: 014 - iter: 05600 - train loss: 0.6532 - time elapsed/per batch: 12.1635 0.0608
[Sat, 17 May 2025 03:46:02 INFO] epoch: 014 - iter: 05800 - train loss: 0.6799 - time elapsed/per batch: 14.8860 0.0744
[Sat, 17 May 2025 03:46:14 INFO] epoch: 014 - iter: 06000 - train loss: 0.6431 - time elapsed/per batch: 12.1210 0.0606
[Sat, 17 May 2025 03:46:29 INFO] epoch: 014 - iter: 06200 - train loss: 0.6398 - time elapsed/per batch: 14.9180 0.0746
[Sat, 17 May 2025 03:46:41 INFO] epoch: 014 - iter: 06400 - train loss: 0.6825 - time elapsed/per batch: 11.4155 0.0571
[Sat, 17 May 2025 03:46:53 INFO] epoch: 014 - iter: 06600 - train loss: 0.6456 - time elapsed/per batch: 12.3285 0.0616
[Sat, 17 May 2025 03:47:04 INFO] epoch: 014 - iter: 06800 - train loss: 0.6683 - time elapsed/per batch: 11.1720 0.0559
[Sat, 17 May 2025 03:47:18 INFO] epoch: 014 - iter: 07000 - train loss: 0.6624 - time elapsed/per batch: 14.0420 0.0702
[Sat, 17 May 2025 03:47:33 INFO] epoch: 014 - iter: 07200 - train loss: 0.6669 - time elapsed/per batch: 14.9175 0.0746
[Sat, 17 May 2025 03:47:49 INFO] epoch: 014 - iter: 07400 - train loss: 0.6758 - time elapsed/per batch: 15.8930 0.0795
[Sat, 17 May 2025 03:48:01 INFO] epoch: 014 - iter: 07600 - train loss: 0.6730 - time elapsed/per batch: 11.8810 0.0594
[Sat, 17 May 2025 03:48:39 INFO] epoch: 014 - iter: 07737 - valid loss: 3.5069 - bleu score: 0.0974 - full evaluation time: 28.2250
[Sat, 17 May 2025 03:48:50 INFO] epoch: 015 - iter: 00200 - train loss: 0.6589 - time elapsed/per batch: 11.3350 0.0567
[Sat, 17 May 2025 03:49:02 INFO] epoch: 015 - iter: 00400 - train loss: 0.6384 - time elapsed/per batch: 12.1455 0.0607
[Sat, 17 May 2025 03:49:16 INFO] epoch: 015 - iter: 00600 - train loss: 0.6483 - time elapsed/per batch: 13.5260 0.0676
[Sat, 17 May 2025 03:49:27 INFO] epoch: 015 - iter: 00800 - train loss: 0.6662 - time elapsed/per batch: 11.4710 0.0574
[Sat, 17 May 2025 03:49:39 INFO] epoch: 015 - iter: 01000 - train loss: 0.6546 - time elapsed/per batch: 11.8975 0.0595
[Sat, 17 May 2025 03:49:52 INFO] epoch: 015 - iter: 01200 - train loss: 0.6547 - time elapsed/per batch: 13.2060 0.0660
[Sat, 17 May 2025 03:50:07 INFO] epoch: 015 - iter: 01400 - train loss: 0.6424 - time elapsed/per batch: 14.5130 0.0726
[Sat, 17 May 2025 03:50:20 INFO] epoch: 015 - iter: 01600 - train loss: 0.6485 - time elapsed/per batch: 13.1880 0.0659
[Sat, 17 May 2025 03:50:32 INFO] epoch: 015 - iter: 01800 - train loss: 0.6469 - time elapsed/per batch: 11.8640 0.0593
[Sat, 17 May 2025 03:50:44 INFO] epoch: 015 - iter: 02000 - train loss: 0.6594 - time elapsed/per batch: 11.7335 0.0587
[Sat, 17 May 2025 03:50:56 INFO] epoch: 015 - iter: 02200 - train loss: 0.6547 - time elapsed/per batch: 12.2180 0.0611
[Sat, 17 May 2025 03:51:07 INFO] epoch: 015 - iter: 02400 - train loss: 0.6522 - time elapsed/per batch: 11.3450 0.0567
[Sat, 17 May 2025 03:51:19 INFO] epoch: 015 - iter: 02600 - train loss: 0.6609 - time elapsed/per batch: 12.0450 0.0602
[Sat, 17 May 2025 03:51:31 INFO] epoch: 015 - iter: 02800 - train loss: 0.6688 - time elapsed/per batch: 11.5780 0.0579
[Sat, 17 May 2025 03:51:42 INFO] epoch: 015 - iter: 03000 - train loss: 0.6647 - time elapsed/per batch: 11.4300 0.0572
[Sat, 17 May 2025 03:51:54 INFO] epoch: 015 - iter: 03200 - train loss: 0.6523 - time elapsed/per batch: 11.5100 0.0576
[Sat, 17 May 2025 03:52:05 INFO] epoch: 015 - iter: 03400 - train loss: 0.6550 - time elapsed/per batch: 11.5880 0.0579
[Sat, 17 May 2025 03:52:17 INFO] epoch: 015 - iter: 03600 - train loss: 0.6753 - time elapsed/per batch: 11.9475 0.0597
[Sat, 17 May 2025 03:52:31 INFO] epoch: 015 - iter: 03800 - train loss: 0.6356 - time elapsed/per batch: 13.6080 0.0680
[Sat, 17 May 2025 03:52:43 INFO] epoch: 015 - iter: 04000 - train loss: 0.6454 - time elapsed/per batch: 11.9290 0.0596
[Sat, 17 May 2025 03:52:55 INFO] epoch: 015 - iter: 04200 - train loss: 0.6724 - time elapsed/per batch: 11.6720 0.0584
[Sat, 17 May 2025 03:53:10 INFO] epoch: 015 - iter: 04400 - train loss: 0.6472 - time elapsed/per batch: 15.6370 0.0782
[Sat, 17 May 2025 03:53:24 INFO] epoch: 015 - iter: 04600 - train loss: 0.6719 - time elapsed/per batch: 13.2590 0.0663
[Sat, 17 May 2025 03:53:35 INFO] epoch: 015 - iter: 04800 - train loss: 0.6592 - time elapsed/per batch: 11.3250 0.0566
[Sat, 17 May 2025 03:53:46 INFO] epoch: 015 - iter: 05000 - train loss: 0.6728 - time elapsed/per batch: 11.6380 0.0582
[Sat, 17 May 2025 03:54:00 INFO] epoch: 015 - iter: 05200 - train loss: 0.6771 - time elapsed/per batch: 13.4765 0.0674
[Sat, 17 May 2025 03:54:13 INFO] epoch: 015 - iter: 05400 - train loss: 0.6629 - time elapsed/per batch: 13.1720 0.0659
[Sat, 17 May 2025 03:54:27 INFO] epoch: 015 - iter: 05600 - train loss: 0.6931 - time elapsed/per batch: 13.6740 0.0684
[Sat, 17 May 2025 03:54:41 INFO] epoch: 015 - iter: 05800 - train loss: 0.6441 - time elapsed/per batch: 14.4285 0.0721
[Sat, 17 May 2025 03:54:53 INFO] epoch: 015 - iter: 06000 - train loss: 0.6661 - time elapsed/per batch: 12.1030 0.0605
[Sat, 17 May 2025 03:55:05 INFO] epoch: 015 - iter: 06200 - train loss: 0.6590 - time elapsed/per batch: 11.7785 0.0589
[Sat, 17 May 2025 03:55:17 INFO] epoch: 015 - iter: 06400 - train loss: 0.6452 - time elapsed/per batch: 11.5270 0.0576
[Sat, 17 May 2025 03:55:33 INFO] epoch: 015 - iter: 06600 - train loss: 0.6396 - time elapsed/per batch: 15.8950 0.0795
[Sat, 17 May 2025 03:55:44 INFO] epoch: 015 - iter: 06800 - train loss: 0.6527 - time elapsed/per batch: 11.8230 0.0591
[Sat, 17 May 2025 03:55:57 INFO] epoch: 015 - iter: 07000 - train loss: 0.6634 - time elapsed/per batch: 12.9440 0.0647
[Sat, 17 May 2025 03:56:11 INFO] epoch: 015 - iter: 07200 - train loss: 0.6492 - time elapsed/per batch: 13.2100 0.0660
[Sat, 17 May 2025 03:56:24 INFO] epoch: 015 - iter: 07400 - train loss: 0.6592 - time elapsed/per batch: 13.2860 0.0664
[Sat, 17 May 2025 03:56:38 INFO] epoch: 015 - iter: 07600 - train loss: 0.6579 - time elapsed/per batch: 13.7830 0.0689
[Sat, 17 May 2025 03:57:13 INFO] epoch: 015 - iter: 07737 - valid loss: 3.5017 - bleu score: 0.1001 - full evaluation time: 26.6735
[Sat, 17 May 2025 03:57:24 INFO] epoch: 016 - iter: 00200 - train loss: 0.6327 - time elapsed/per batch: 11.6535 0.0583
[Sat, 17 May 2025 03:57:36 INFO] epoch: 016 - iter: 00400 - train loss: 0.6468 - time elapsed/per batch: 11.8875 0.0594
[Sat, 17 May 2025 03:57:48 INFO] epoch: 016 - iter: 00600 - train loss: 0.6655 - time elapsed/per batch: 11.3655 0.0568
[Sat, 17 May 2025 03:57:59 INFO] epoch: 016 - iter: 00800 - train loss: 0.6356 - time elapsed/per batch: 11.7160 0.0586
[Sat, 17 May 2025 03:58:14 INFO] epoch: 016 - iter: 01000 - train loss: 0.6505 - time elapsed/per batch: 14.3050 0.0715
[Sat, 17 May 2025 03:58:25 INFO] epoch: 016 - iter: 01200 - train loss: 0.6536 - time elapsed/per batch: 11.7320 0.0587
[Sat, 17 May 2025 03:58:39 INFO] epoch: 016 - iter: 01400 - train loss: 0.6469 - time elapsed/per batch: 14.0620 0.0703
[Sat, 17 May 2025 03:58:52 INFO] epoch: 016 - iter: 01600 - train loss: 0.6304 - time elapsed/per batch: 12.1910 0.0610
[Sat, 17 May 2025 03:59:05 INFO] epoch: 016 - iter: 01800 - train loss: 0.6398 - time elapsed/per batch: 13.5805 0.0679
[Sat, 17 May 2025 03:59:19 INFO] epoch: 016 - iter: 02000 - train loss: 0.6589 - time elapsed/per batch: 13.7770 0.0689
[Sat, 17 May 2025 03:59:31 INFO] epoch: 016 - iter: 02200 - train loss: 0.6225 - time elapsed/per batch: 12.0835 0.0604
[Sat, 17 May 2025 03:59:43 INFO] epoch: 016 - iter: 02400 - train loss: 0.6311 - time elapsed/per batch: 11.7340 0.0587
[Sat, 17 May 2025 03:59:54 INFO] epoch: 016 - iter: 02600 - train loss: 0.6485 - time elapsed/per batch: 10.9150 0.0546
[Sat, 17 May 2025 04:00:05 INFO] epoch: 016 - iter: 02800 - train loss: 0.6517 - time elapsed/per batch: 11.2460 0.0562
[Sat, 17 May 2025 04:00:17 INFO] epoch: 016 - iter: 03000 - train loss: 0.6607 - time elapsed/per batch: 11.6280 0.0581
[Sat, 17 May 2025 04:00:31 INFO] epoch: 016 - iter: 03200 - train loss: 0.6614 - time elapsed/per batch: 14.8955 0.0745
[Sat, 17 May 2025 04:00:43 INFO] epoch: 016 - iter: 03400 - train loss: 0.6490 - time elapsed/per batch: 11.9690 0.0598
[Sat, 17 May 2025 04:00:57 INFO] epoch: 016 - iter: 03600 - train loss: 0.6539 - time elapsed/per batch: 13.9465 0.0697
[Sat, 17 May 2025 04:01:09 INFO] epoch: 016 - iter: 03800 - train loss: 0.6275 - time elapsed/per batch: 12.1305 0.0607
[Sat, 17 May 2025 04:01:23 INFO] epoch: 016 - iter: 04000 - train loss: 0.6586 - time elapsed/per batch: 13.2605 0.0663
[Sat, 17 May 2025 04:01:36 INFO] epoch: 016 - iter: 04200 - train loss: 0.6470 - time elapsed/per batch: 13.0600 0.0653
[Sat, 17 May 2025 04:01:50 INFO] epoch: 016 - iter: 04400 - train loss: 0.6445 - time elapsed/per batch: 13.8890 0.0694
[Sat, 17 May 2025 04:02:02 INFO] epoch: 016 - iter: 04600 - train loss: 0.6393 - time elapsed/per batch: 11.9930 0.0600
[Sat, 17 May 2025 04:02:15 INFO] epoch: 016 - iter: 04800 - train loss: 0.6397 - time elapsed/per batch: 13.4540 0.0673
[Sat, 17 May 2025 04:02:27 INFO] epoch: 016 - iter: 05000 - train loss: 0.6541 - time elapsed/per batch: 11.6235 0.0581
[Sat, 17 May 2025 04:02:38 INFO] epoch: 016 - iter: 05200 - train loss: 0.6649 - time elapsed/per batch: 11.6060 0.0580
[Sat, 17 May 2025 04:02:50 INFO] epoch: 016 - iter: 05400 - train loss: 0.6617 - time elapsed/per batch: 11.6055 0.0580
[Sat, 17 May 2025 04:03:02 INFO] epoch: 016 - iter: 05600 - train loss: 0.6516 - time elapsed/per batch: 11.8170 0.0591
[Sat, 17 May 2025 04:03:13 INFO] epoch: 016 - iter: 05800 - train loss: 0.6540 - time elapsed/per batch: 11.6775 0.0584
[Sat, 17 May 2025 04:03:25 INFO] epoch: 016 - iter: 06000 - train loss: 0.6696 - time elapsed/per batch: 11.3865 0.0569
[Sat, 17 May 2025 04:03:39 INFO] epoch: 016 - iter: 06200 - train loss: 0.6593 - time elapsed/per batch: 13.9360 0.0697
[Sat, 17 May 2025 04:03:54 INFO] epoch: 016 - iter: 06400 - train loss: 0.6570 - time elapsed/per batch: 15.5450 0.0777
[Sat, 17 May 2025 04:04:06 INFO] epoch: 016 - iter: 06600 - train loss: 0.6474 - time elapsed/per batch: 11.2715 0.0564
[Sat, 17 May 2025 04:04:19 INFO] epoch: 016 - iter: 06800 - train loss: 0.6371 - time elapsed/per batch: 13.5335 0.0677
[Sat, 17 May 2025 04:04:36 INFO] epoch: 016 - iter: 07000 - train loss: 0.6366 - time elapsed/per batch: 17.2813 0.0864
[Sat, 17 May 2025 04:04:48 INFO] epoch: 016 - iter: 07200 - train loss: 0.6751 - time elapsed/per batch: 11.6075 0.0580
[Sat, 17 May 2025 04:05:00 INFO] epoch: 016 - iter: 07400 - train loss: 0.6443 - time elapsed/per batch: 11.6385 0.0582
[Sat, 17 May 2025 04:05:11 INFO] epoch: 016 - iter: 07600 - train loss: 0.6365 - time elapsed/per batch: 11.7880 0.0589
[Sat, 17 May 2025 04:05:48 INFO] epoch: 016 - iter: 07737 - valid loss: 3.4888 - bleu score: 0.1025 - full evaluation time: 28.3965
[Sat, 17 May 2025 04:06:00 INFO] epoch: 017 - iter: 00200 - train loss: 0.6258 - time elapsed/per batch: 11.9800 0.0599
[Sat, 17 May 2025 04:06:12 INFO] epoch: 017 - iter: 00400 - train loss: 0.6366 - time elapsed/per batch: 11.6855 0.0584
[Sat, 17 May 2025 04:06:23 INFO] epoch: 017 - iter: 00600 - train loss: 0.6449 - time elapsed/per batch: 11.2540 0.0563
[Sat, 17 May 2025 04:06:35 INFO] epoch: 017 - iter: 00800 - train loss: 0.6260 - time elapsed/per batch: 12.1100 0.0605
[Sat, 17 May 2025 04:06:47 INFO] epoch: 017 - iter: 01000 - train loss: 0.6427 - time elapsed/per batch: 11.5895 0.0579
[Sat, 17 May 2025 04:07:02 INFO] epoch: 017 - iter: 01200 - train loss: 0.6227 - time elapsed/per batch: 15.3445 0.0767
[Sat, 17 May 2025 04:07:14 INFO] epoch: 017 - iter: 01400 - train loss: 0.6240 - time elapsed/per batch: 12.0100 0.0600
[Sat, 17 May 2025 04:07:26 INFO] epoch: 017 - iter: 01600 - train loss: 0.6517 - time elapsed/per batch: 11.4150 0.0571
[Sat, 17 May 2025 04:07:39 INFO] epoch: 017 - iter: 01800 - train loss: 0.6479 - time elapsed/per batch: 13.7550 0.0688
[Sat, 17 May 2025 04:07:52 INFO] epoch: 017 - iter: 02000 - train loss: 0.6457 - time elapsed/per batch: 12.9890 0.0649
[Sat, 17 May 2025 04:08:04 INFO] epoch: 017 - iter: 02200 - train loss: 0.6568 - time elapsed/per batch: 11.5810 0.0579
[Sat, 17 May 2025 04:08:16 INFO] epoch: 017 - iter: 02400 - train loss: 0.6271 - time elapsed/per batch: 12.5010 0.0625
[Sat, 17 May 2025 04:08:28 INFO] epoch: 017 - iter: 02600 - train loss: 0.6751 - time elapsed/per batch: 11.5690 0.0578
[Sat, 17 May 2025 04:08:41 INFO] epoch: 017 - iter: 02800 - train loss: 0.6472 - time elapsed/per batch: 12.8720 0.0644
[Sat, 17 May 2025 04:08:53 INFO] epoch: 017 - iter: 03000 - train loss: 0.6438 - time elapsed/per batch: 11.7055 0.0585
[Sat, 17 May 2025 04:09:04 INFO] epoch: 017 - iter: 03200 - train loss: 0.6376 - time elapsed/per batch: 11.8730 0.0594
[Sat, 17 May 2025 04:09:16 INFO] epoch: 017 - iter: 03400 - train loss: 0.6538 - time elapsed/per batch: 11.3330 0.0567
[Sat, 17 May 2025 04:09:28 INFO] epoch: 017 - iter: 03600 - train loss: 0.6313 - time elapsed/per batch: 12.0705 0.0604
[Sat, 17 May 2025 04:09:41 INFO] epoch: 017 - iter: 03800 - train loss: 0.6360 - time elapsed/per batch: 13.4120 0.0671
[Sat, 17 May 2025 04:09:55 INFO] epoch: 017 - iter: 04000 - train loss: 0.6532 - time elapsed/per batch: 13.6470 0.0682
[Sat, 17 May 2025 04:10:08 INFO] epoch: 017 - iter: 04200 - train loss: 0.6524 - time elapsed/per batch: 13.3825 0.0669
[Sat, 17 May 2025 04:10:24 INFO] epoch: 017 - iter: 04400 - train loss: 0.6497 - time elapsed/per batch: 15.6740 0.0784
[Sat, 17 May 2025 04:10:36 INFO] epoch: 017 - iter: 04600 - train loss: 0.6501 - time elapsed/per batch: 11.7690 0.0588
[Sat, 17 May 2025 04:10:47 INFO] epoch: 017 - iter: 04800 - train loss: 0.6539 - time elapsed/per batch: 11.3830 0.0569
[Sat, 17 May 2025 04:10:59 INFO] epoch: 017 - iter: 05000 - train loss: 0.6433 - time elapsed/per batch: 12.3590 0.0618
[Sat, 17 May 2025 04:11:12 INFO] epoch: 017 - iter: 05200 - train loss: 0.6390 - time elapsed/per batch: 12.0435 0.0602
[Sat, 17 May 2025 04:11:25 INFO] epoch: 017 - iter: 05400 - train loss: 0.6519 - time elapsed/per batch: 13.1460 0.0657
[Sat, 17 May 2025 04:11:40 INFO] epoch: 017 - iter: 05600 - train loss: 0.6491 - time elapsed/per batch: 15.4070 0.0770
[Sat, 17 May 2025 04:11:52 INFO] epoch: 017 - iter: 05800 - train loss: 0.6610 - time elapsed/per batch: 11.8280 0.0591
[Sat, 17 May 2025 04:12:06 INFO] epoch: 017 - iter: 06000 - train loss: 0.6225 - time elapsed/per batch: 13.7710 0.0689
[Sat, 17 May 2025 04:12:17 INFO] epoch: 017 - iter: 06200 - train loss: 0.6647 - time elapsed/per batch: 11.8360 0.0592
[Sat, 17 May 2025 04:12:29 INFO] epoch: 017 - iter: 06400 - train loss: 0.6559 - time elapsed/per batch: 11.1180 0.0556
[Sat, 17 May 2025 04:12:40 INFO] epoch: 017 - iter: 06600 - train loss: 0.6433 - time elapsed/per batch: 11.6580 0.0583
[Sat, 17 May 2025 04:12:52 INFO] epoch: 017 - iter: 06800 - train loss: 0.6618 - time elapsed/per batch: 11.5890 0.0579
[Sat, 17 May 2025 04:13:04 INFO] epoch: 017 - iter: 07000 - train loss: 0.6585 - time elapsed/per batch: 11.7980 0.0590
[Sat, 17 May 2025 04:13:17 INFO] epoch: 017 - iter: 07200 - train loss: 0.6328 - time elapsed/per batch: 13.3140 0.0666
[Sat, 17 May 2025 04:13:32 INFO] epoch: 017 - iter: 07400 - train loss: 0.6573 - time elapsed/per batch: 15.4540 0.0773
[Sat, 17 May 2025 04:13:45 INFO] epoch: 017 - iter: 07600 - train loss: 0.6591 - time elapsed/per batch: 12.0790 0.0604
[Sat, 17 May 2025 04:14:26 INFO] epoch: 017 - iter: 07737 - valid loss: 3.4791 - bleu score: 0.1036 - full evaluation time: 31.0580
[Sat, 17 May 2025 04:14:37 INFO] epoch: 018 - iter: 00200 - train loss: 0.6295 - time elapsed/per batch: 11.7330 0.0587
[Sat, 17 May 2025 04:14:51 INFO] epoch: 018 - iter: 00400 - train loss: 0.6410 - time elapsed/per batch: 13.9340 0.0697
[Sat, 17 May 2025 04:15:03 INFO] epoch: 018 - iter: 00600 - train loss: 0.6436 - time elapsed/per batch: 11.6115 0.0581
[Sat, 17 May 2025 04:15:14 INFO] epoch: 018 - iter: 00800 - train loss: 0.6330 - time elapsed/per batch: 11.6715 0.0584
[Sat, 17 May 2025 04:15:26 INFO] epoch: 018 - iter: 01000 - train loss: 0.6472 - time elapsed/per batch: 11.7185 0.0586
[Sat, 17 May 2025 04:15:40 INFO] epoch: 018 - iter: 01200 - train loss: 0.6462 - time elapsed/per batch: 14.1285 0.0706
[Sat, 17 May 2025 04:15:52 INFO] epoch: 018 - iter: 01400 - train loss: 0.6160 - time elapsed/per batch: 11.7840 0.0589
[Sat, 17 May 2025 04:16:07 INFO] epoch: 018 - iter: 01600 - train loss: 0.6312 - time elapsed/per batch: 15.3295 0.0766
[Sat, 17 May 2025 04:16:19 INFO] epoch: 018 - iter: 01800 - train loss: 0.6227 - time elapsed/per batch: 11.9890 0.0599
[Sat, 17 May 2025 04:16:31 INFO] epoch: 018 - iter: 02000 - train loss: 0.6344 - time elapsed/per batch: 11.6660 0.0583
[Sat, 17 May 2025 04:16:43 INFO] epoch: 018 - iter: 02200 - train loss: 0.6491 - time elapsed/per batch: 11.6940 0.0585
[Sat, 17 May 2025 04:16:54 INFO] epoch: 018 - iter: 02400 - train loss: 0.6343 - time elapsed/per batch: 11.5620 0.0578
[Sat, 17 May 2025 04:17:08 INFO] epoch: 018 - iter: 02600 - train loss: 0.6604 - time elapsed/per batch: 13.1610 0.0658
[Sat, 17 May 2025 04:17:26 INFO] epoch: 018 - iter: 02800 - train loss: 0.6406 - time elapsed/per batch: 18.8155 0.0941
[Sat, 17 May 2025 04:17:39 INFO] epoch: 018 - iter: 03000 - train loss: 0.6492 - time elapsed/per batch: 12.9700 0.0648
[Sat, 17 May 2025 04:17:50 INFO] epoch: 018 - iter: 03200 - train loss: 0.6571 - time elapsed/per batch: 11.0395 0.0552
[Sat, 17 May 2025 04:18:02 INFO] epoch: 018 - iter: 03400 - train loss: 0.6390 - time elapsed/per batch: 11.2940 0.0565
[Sat, 17 May 2025 04:18:13 INFO] epoch: 018 - iter: 03600 - train loss: 0.6468 - time elapsed/per batch: 11.1302 0.0557
[Sat, 17 May 2025 04:18:24 INFO] epoch: 018 - iter: 03800 - train loss: 0.6339 - time elapsed/per batch: 11.1675 0.0558
[Sat, 17 May 2025 04:18:35 INFO] epoch: 018 - iter: 04000 - train loss: 0.6417 - time elapsed/per batch: 10.7656 0.0538
[Sat, 17 May 2025 04:18:45 INFO] epoch: 018 - iter: 04200 - train loss: 0.6578 - time elapsed/per batch: 10.7740 0.0539
[Sat, 17 May 2025 04:18:57 INFO] epoch: 018 - iter: 04400 - train loss: 0.6616 - time elapsed/per batch: 11.4545 0.0573
[Sat, 17 May 2025 04:19:10 INFO] epoch: 018 - iter: 04600 - train loss: 0.6536 - time elapsed/per batch: 13.2450 0.0662
[Sat, 17 May 2025 04:19:26 INFO] epoch: 018 - iter: 04800 - train loss: 0.6560 - time elapsed/per batch: 15.9140 0.0796
[Sat, 17 May 2025 04:19:38 INFO] epoch: 018 - iter: 05000 - train loss: 0.6595 - time elapsed/per batch: 11.6920 0.0585
[Sat, 17 May 2025 04:19:49 INFO] epoch: 018 - iter: 05200 - train loss: 0.6426 - time elapsed/per batch: 11.5845 0.0579
[Sat, 17 May 2025 04:20:05 INFO] epoch: 018 - iter: 05400 - train loss: 0.6177 - time elapsed/per batch: 15.2140 0.0761
[Sat, 17 May 2025 04:20:19 INFO] epoch: 018 - iter: 05600 - train loss: 0.6602 - time elapsed/per batch: 13.9595 0.0698
[Sat, 17 May 2025 04:20:30 INFO] epoch: 018 - iter: 05800 - train loss: 0.6425 - time elapsed/per batch: 11.2855 0.0564
[Sat, 17 May 2025 04:20:41 INFO] epoch: 018 - iter: 06000 - train loss: 0.6641 - time elapsed/per batch: 11.3455 0.0567
[Sat, 17 May 2025 04:20:53 INFO] epoch: 018 - iter: 06200 - train loss: 0.6508 - time elapsed/per batch: 11.7945 0.0590
[Sat, 17 May 2025 04:21:05 INFO] epoch: 018 - iter: 06400 - train loss: 0.6224 - time elapsed/per batch: 12.1220 0.0606
[Sat, 17 May 2025 04:21:17 INFO] epoch: 018 - iter: 06600 - train loss: 0.6420 - time elapsed/per batch: 11.6755 0.0584
[Sat, 17 May 2025 04:21:29 INFO] epoch: 018 - iter: 06800 - train loss: 0.6372 - time elapsed/per batch: 11.7200 0.0586
[Sat, 17 May 2025 04:21:40 INFO] epoch: 018 - iter: 07000 - train loss: 0.6482 - time elapsed/per batch: 11.6020 0.0580
[Sat, 17 May 2025 04:21:52 INFO] epoch: 018 - iter: 07200 - train loss: 0.6658 - time elapsed/per batch: 11.7250 0.0586
[Sat, 17 May 2025 04:22:05 INFO] epoch: 018 - iter: 07400 - train loss: 0.6469 - time elapsed/per batch: 13.2805 0.0664
[Sat, 17 May 2025 04:22:17 INFO] epoch: 018 - iter: 07600 - train loss: 0.6564 - time elapsed/per batch: 11.4790 0.0574
[Sat, 17 May 2025 04:22:53 INFO] epoch: 018 - iter: 07737 - valid loss: 3.4674 - bleu score: 0.1063 - full evaluation time: 26.5580
[Sat, 17 May 2025 04:23:08 INFO] epoch: 019 - iter: 00200 - train loss: 0.6501 - time elapsed/per batch: 15.0160 0.0751
[Sat, 17 May 2025 04:23:19 INFO] epoch: 019 - iter: 00400 - train loss: 0.6388 - time elapsed/per batch: 11.7690 0.0588
[Sat, 17 May 2025 04:23:31 INFO] epoch: 019 - iter: 00600 - train loss: 0.6525 - time elapsed/per batch: 11.2740 0.0564
[Sat, 17 May 2025 04:23:42 INFO] epoch: 019 - iter: 00800 - train loss: 0.6355 - time elapsed/per batch: 11.8030 0.0590
[Sat, 17 May 2025 04:23:56 INFO] epoch: 019 - iter: 01000 - train loss: 0.6423 - time elapsed/per batch: 13.9110 0.0696
[Sat, 17 May 2025 04:24:08 INFO] epoch: 019 - iter: 01200 - train loss: 0.6743 - time elapsed/per batch: 11.5970 0.0580
[Sat, 17 May 2025 04:24:20 INFO] epoch: 019 - iter: 01400 - train loss: 0.6389 - time elapsed/per batch: 11.6680 0.0583
[Sat, 17 May 2025 04:24:34 INFO] epoch: 019 - iter: 01600 - train loss: 0.6123 - time elapsed/per batch: 14.1045 0.0705
[Sat, 17 May 2025 04:24:48 INFO] epoch: 019 - iter: 01800 - train loss: 0.6377 - time elapsed/per batch: 14.2330 0.0712
[Sat, 17 May 2025 04:25:00 INFO] epoch: 019 - iter: 02000 - train loss: 0.6122 - time elapsed/per batch: 11.8990 0.0595
[Sat, 17 May 2025 04:25:11 INFO] epoch: 019 - iter: 02200 - train loss: 0.6345 - time elapsed/per batch: 11.4750 0.0574
[Sat, 17 May 2025 04:25:25 INFO] epoch: 019 - iter: 02400 - train loss: 0.6247 - time elapsed/per batch: 13.6395 0.0682
[Sat, 17 May 2025 04:25:38 INFO] epoch: 019 - iter: 02600 - train loss: 0.6559 - time elapsed/per batch: 13.2530 0.0663
[Sat, 17 May 2025 04:25:50 INFO] epoch: 019 - iter: 02800 - train loss: 0.6285 - time elapsed/per batch: 11.8070 0.0590
[Sat, 17 May 2025 04:26:03 INFO] epoch: 019 - iter: 03000 - train loss: 0.6540 - time elapsed/per batch: 12.5795 0.0629
[Sat, 17 May 2025 04:26:14 INFO] epoch: 019 - iter: 03200 - train loss: 0.6421 - time elapsed/per batch: 11.1420 0.0557
[Sat, 17 May 2025 04:26:28 INFO] epoch: 019 - iter: 03400 - train loss: 0.6101 - time elapsed/per batch: 14.0660 0.0703
[Sat, 17 May 2025 04:26:42 INFO] epoch: 019 - iter: 03600 - train loss: 0.6355 - time elapsed/per batch: 13.9970 0.0700
[Sat, 17 May 2025 04:26:53 INFO] epoch: 019 - iter: 03800 - train loss: 0.6406 - time elapsed/per batch: 11.5040 0.0575
[Sat, 17 May 2025 04:27:07 INFO] epoch: 019 - iter: 04000 - train loss: 0.6267 - time elapsed/per batch: 13.6655 0.0683
[Sat, 17 May 2025 04:27:19 INFO] epoch: 019 - iter: 04200 - train loss: 0.6349 - time elapsed/per batch: 11.9920 0.0600
[Sat, 17 May 2025 04:27:32 INFO] epoch: 019 - iter: 04400 - train loss: 0.6323 - time elapsed/per batch: 13.3090 0.0665
[Sat, 17 May 2025 04:27:46 INFO] epoch: 019 - iter: 04600 - train loss: 0.6313 - time elapsed/per batch: 13.3185 0.0666
[Sat, 17 May 2025 04:27:57 INFO] epoch: 019 - iter: 04800 - train loss: 0.6511 - time elapsed/per batch: 11.0015 0.0550
[Sat, 17 May 2025 04:28:10 INFO] epoch: 019 - iter: 05000 - train loss: 0.6575 - time elapsed/per batch: 13.4505 0.0673
[Sat, 17 May 2025 04:28:24 INFO] epoch: 019 - iter: 05200 - train loss: 0.6272 - time elapsed/per batch: 13.7040 0.0685
[Sat, 17 May 2025 04:28:35 INFO] epoch: 019 - iter: 05400 - train loss: 0.6514 - time elapsed/per batch: 11.4310 0.0572
[Sat, 17 May 2025 04:28:47 INFO] epoch: 019 - iter: 05600 - train loss: 0.6401 - time elapsed/per batch: 11.3930 0.0570
[Sat, 17 May 2025 04:28:58 INFO] epoch: 019 - iter: 05800 - train loss: 0.6447 - time elapsed/per batch: 11.7520 0.0588
[Sat, 17 May 2025 04:29:10 INFO] epoch: 019 - iter: 06000 - train loss: 0.6414 - time elapsed/per batch: 12.0070 0.0600
[Sat, 17 May 2025 04:29:22 INFO] epoch: 019 - iter: 06200 - train loss: 0.6396 - time elapsed/per batch: 11.6730 0.0584
[Sat, 17 May 2025 04:29:34 INFO] epoch: 019 - iter: 06400 - train loss: 0.6412 - time elapsed/per batch: 11.5080 0.0575
[Sat, 17 May 2025 04:29:45 INFO] epoch: 019 - iter: 06600 - train loss: 0.6373 - time elapsed/per batch: 11.6860 0.0584
[Sat, 17 May 2025 04:29:59 INFO] epoch: 019 - iter: 06800 - train loss: 0.6423 - time elapsed/per batch: 13.7220 0.0686
[Sat, 17 May 2025 04:30:12 INFO] epoch: 019 - iter: 07000 - train loss: 0.6162 - time elapsed/per batch: 12.5200 0.0626
[Sat, 17 May 2025 04:30:23 INFO] epoch: 019 - iter: 07200 - train loss: 0.6461 - time elapsed/per batch: 11.4830 0.0574
[Sat, 17 May 2025 04:30:37 INFO] epoch: 019 - iter: 07400 - train loss: 0.6216 - time elapsed/per batch: 13.9650 0.0698
[Sat, 17 May 2025 04:30:51 INFO] epoch: 019 - iter: 07600 - train loss: 0.6112 - time elapsed/per batch: 14.2340 0.0712
[Sat, 17 May 2025 04:31:27 INFO] epoch: 019 - iter: 07737 - valid loss: 3.4605 - bleu score: 0.1076 - full evaluation time: 27.8405
